2023-05-21 14:59:23	/api/login.api	a@a.com	a@a.com	ko-kr
2023-05-21 14:59:24	/api/session-start.api	a@a.com	ko-kr	A
2023-05-21 14:59:24	/api/card-next.api	a@a.com	A	ko-kr	saluton, mi estas ~	5	./quizD.html	female1
2023-05-21 14:59:24	/api/similar-words-kor.api	a@a.com	A	ko-kr	안녕하세요, 나는 ~입니다
2023-05-21 15:01:12	/api/put-score-kor.api	a@a.com	A	ko-kr	안녕하세요, 나는 ~입니다	1
2023-05-21 15:01:16	/api/card-next.api	a@a.com	A	ko-kr	mia nomo estas ~	3	./quizD.html	female3
2023-05-21 15:01:16	/api/similar-words-kor.api	a@a.com	A	ko-kr	나의 이름은 ~입니다
2023-05-21 15:02:25	/api/put-score-kor.api	a@a.com	A	ko-kr	나의 이름은 ~입니다	1
2023-05-21 15:02:32	/api/session-finish.api	a@a.com	ko-kr	A
2023-05-21 15:04:06	/api/session-finish.api	a@a.com	ko-kr	A
2023-05-21 15:10:30	/api/session-finish.api	a@a.com	ko-kr	A
2023-05-21 17:00:41	/api/login.api	a@a.com	a@a.com	ko-kr
2023-05-21 17:00:42	/api/session-start.api	a@a.com	ko-kr	A
2023-05-21 17:00:42	/api/card-next.api	a@a.com	A	ko-kr	saluton	5	./quizC.html	female3
2023-05-21 17:00:42	/api/similar-words-kor.api	a@a.com	A	ko-kr	안녕하세요
2023-05-21 17:00:44	/api/put-score-kor.api	a@a.com	A	ko-kr	안녕하세요	1
2023-05-21 17:00:46	/api/card-next.api	a@a.com	A	ko-kr	mia nomo, via nomo	4	./quizG.html	male1
2023-05-21 17:00:47	/api/similar-words.api	a@a.com	A	ko-kr	mia nomo, via nomo
2023-05-21 17:00:50	/api/put-score.api	a@a.com	A	ko-kr	mia nomo, via nomo	1
2023-05-21 17:00:51	/api/session-finish.api	a@a.com	ko-kr	A
2023-05-21 17:03:37	/api/session-finish.api	a@a.com	ko-kr	A
2023-05-21 17:10:48	/api/similar-words.api	a@a.com	A	ko-kr	mia nomo, via nomo
2023-05-21 17:10:53	/api/similar-words-kor.api	a@a.com	A	ko-kr	나의 이름, 당신의 이름
2023-05-21 17:10:56	/api/similar-words-kor.api	a@a.com	A	ko-kr	나의 이름, 당신의 이름
2023-05-21 17:10:58	/api/similar-words-kor.api	a@a.com	A	ko-kr	나의 이름, 당신의 이름
2023-05-21 17:25:53	/api/login.api	a@a.com	a@a.com	ko-kr
2023-05-21 17:25:55	/api/session-start.api	a@a.com	ko-kr	A
2023-05-21 17:25:55	/api/card-next.api	a@a.com	A	ko-kr	via nomo estas ~	2	./quizB.html	male3
2023-05-21 17:25:55	/api/similar-words.api	a@a.com	A	ko-kr	via nomo estas ~
2023-05-21 17:29:43	/api/card-next.api	a@a.com	A	ko-kr	fartas, fartis	2	./quizI.html	female1
2023-05-21 17:29:43	/api/similar-words-jk.api	a@a.com	A	ko-kr	fartis	
2023-05-21 17:32:50	/api/similar-words.api	a@a.com	A	ko-kr	fartas, fartis
2023-05-21 17:33:01	/api/similar-words-kor.api	a@a.com	A	ko-kr	(현재) 지낸다, (과거) 지냈다
2023-05-21 17:33:06	/api/similar-words-kor.api	a@a.com	A	ko-kr	(현재) 지낸다, (과거) 지냈다
2023-05-21 17:34:01	/api/similar-words.api	a@a.com	A	ko-kr	fartas, fartis
2023-05-21 17:34:11	/api/put-score.api	a@a.com	A	ko-kr	fartas, fartis	1
2023-05-21 17:34:13	/api/similar-words.api	a@a.com	A	ko-kr	fartas, fartis
2023-05-21 17:34:35	/api/similar-words.api	a@a.com	A	ko-kr	fartas, fartis
2023-05-21 17:34:47	/api/similar-words-kor.api	a@a.com	A	ko-kr	(현재) 지낸다, (과거) 지냈다
2023-05-21 17:34:49	/api/similar-words-kor.api	a@a.com	A	ko-kr	(현재) 지낸다, (과거) 지냈다
2023-05-21 17:36:21	/api/similar-words.api	a@a.com	A	ko-kr	fartas, fartis
2023-05-21 17:36:24	/api/put-score.api	a@a.com	A	ko-kr	fartas, fartis	1
2023-05-21 17:36:32	/api/session-finish.api	a@a.com	ko-kr	A
2023-05-21 17:36:38	/api/similar-words-jk.api	a@a.com	A	ko-kr	fartis	
2023-05-21 17:37:31	/api/similar-words-jk.api	a@a.com	A	ko-kr	fartas	
2023-05-21 17:38:14	/api/similar-words-jk.api	a@a.com	A	ko-kr	fartas	
2023-05-21 17:39:09	/api/similar-words-jk.api	a@a.com	A	ko-kr	fartas	
2023-05-21 17:41:48	/api/similar-words-jk.api	a@a.com	A	ko-kr	fartis	
2023-05-21 17:43:23	/api/session-finish.api	a@a.com	ko-kr	A
2023-05-21 17:44:37	/api/login.api	b@b.com	b@b.com	ko-kr
2023-05-21 17:44:41	/api/session-start.api	b@b.com	ko-kr	A
2023-05-21 17:44:41	/api/card-next.api	b@b.com	A	ko-kr	mi, vi	0	./quiz-first.html	male2
2023-05-21 17:49:51	/api/card-next.api	b@b.com	A	ko-kr	estas, estis	0	./quiz-first.html	male2
2023-05-21 17:51:08	/api/logout.api	b@b.com	ko-kr	A
2023-05-21 17:51:12	/api/login.api	a@a.com	a@a.com	ko-kr
2023-05-21 17:53:14	/api/session-start.api	a@a.com	ko-kr	A
2023-05-21 17:53:14	/api/card-next.api	a@a.com	A	ko-kr	via nomo estas ~	2	./quizE.html	ludoviko
2023-05-21 17:53:17	/api/card-next.api	a@a.com	A	ko-kr	estis, estos	2	./quizD.html	female2
2023-05-21 17:53:17	/api/similar-words-kor.api	a@a.com	A	ko-kr	(과거) 이었다, (미래) 일 것이다
2023-05-21 17:53:18	/api/put-score-kor.api	a@a.com	A	ko-kr	(과거) 다시보았다, (미래) 다시볼것이다	-1
2023-05-21 17:53:22	/api/put-score-kor.api	a@a.com	A	ko-kr	(현재) ~이다, (과거) ~이었다	-1
2023-05-21 17:53:22	/api/put-score-kor.api	a@a.com	A	ko-kr	(과거) 이었다, (미래) 일 것이다	1
2023-05-21 17:53:24	/api/session-finish.api	a@a.com	ko-kr	A
