2023-07-03 15:39:22	/api/playsound.api	c@c.com	ludoviko/kiel.mp3
2023-07-03 15:43:51	/api/playsound.api	c@c.com	ludoviko/kiel.mp3
2023-07-03 15:44:11	/api/playsound.api	c@c.com	ludoviko/kiel.mp3
2023-07-03 15:44:17	/api/card-next.api	c@c.com	A	ko-kr	vi estas ~	3	./quizI.html	male3
2023-07-03 15:44:17	/api/playsound.api	c@c.com	male1/kiel.mp3
2023-07-03 15:44:18	/api/similar-words-jk.api	c@c.com	A	ko-kr	estas	
2023-07-03 15:45:30	/api/playsound.api	c@c.com	male3/vi estas ~.mp3
2023-07-03 15:45:36	/api/card-next.api	c@c.com	A	ko-kr	mia nomo estas ~	2	./quizB.html	ludoviko
2023-07-03 15:45:36	/api/playsound.api	c@c.com	male3/vi estas ~.mp3
2023-07-03 15:45:37	/api/similar-words.api	c@c.com	A	ko-kr	mia nomo estas ~
2023-07-03 15:45:42	/api/similar-words.api	c@c.com	A	ko-kr	mia nomo estas ~
2023-07-03 15:47:33	/api/similar-words.api	c@c.com	A	ko-kr	mia nomo estas ~
2023-07-03 15:47:36	/api/put-score.api	c@c.com	A	ko-kr	mia nomo estas ~	1
2023-07-03 15:47:36	/api/playsound.api	c@c.com	male1/mia nomo estas ~.mp3
2023-07-03 15:47:41	/api/card-next.api	c@c.com	A	ko-kr	mia amo	3	./quizH.html	female1
2023-07-03 15:47:41	/api/playsound.api	c@c.com	female3/mia nomo estas ~.mp3
2023-07-03 15:47:42	/api/similar-words.api	c@c.com	A	ko-kr	mia amo
2023-07-03 15:49:07	/api/similar-words.api	c@c.com	A	ko-kr	mia amo
2023-07-03 15:49:09	/api/playsound.api	c@c.com	female3/mia amo.mp3
2023-07-03 15:49:11	/api/put-score.api	c@c.com	A	ko-kr	mia amo	1
2023-07-03 15:49:11	/api/playsound.api	c@c.com	male2/mia amo.mp3
2023-07-03 15:49:14	/api/card-next.api	c@c.com	A	ko-kr	vi fartas	3	./quizB.html	ludoviko
2023-07-03 15:49:14	/api/playsound.api	c@c.com	ludoviko/mia amo.mp3
2023-07-03 15:49:15	/api/similar-words.api	c@c.com	A	ko-kr	vi fartas
2023-07-03 15:49:19	/api/similar-words-jk.api	c@c.com	A	ko-kr	vi	
2023-07-03 15:51:15	/api/similar-words-jk.api	c@c.com	A	ko-kr	vi	
2023-07-03 15:51:17	/api/playsound.api	c@c.com	ludoviko/vi fartas.mp3
2023-07-03 15:57:26	/api/similar-words-jk.api	c@c.com	A	ko-kr	fartas	
2023-07-03 15:57:29	/api/playsound.api	c@c.com	ludoviko/vi fartas.mp3
2023-07-03 15:57:30	/api/playsound.api	c@c.com	male2/vi fartas.mp3
2023-07-03 15:57:32	/api/card-next.api	c@c.com	A	ko-kr	kiel vi fartas?	1	./quizI.html	male2
2023-07-03 15:57:32	/api/playsound.api	c@c.com	male1/vi fartas.mp3
2023-07-03 15:57:34	/api/similar-words-jk.api	c@c.com	A	ko-kr	fartas	vi
2023-07-03 15:57:39	/api/playsound.api	c@c.com	female2/kiel vi fartas?.mp3
2023-07-03 15:57:41	/api/playsound.api	c@c.com	male3/kiel vi fartas?.mp3
2023-07-03 15:57:43	/api/session-finish.api	c@c.com	ko-kr	A
2023-07-03 15:58:27	/api/session-finish.api	c@c.com	ko-kr	A
2023-07-03 15:58:27	/api/session-finish.api	c@c.com	ko-kr	A
2023-07-03 15:58:28	/api/session-finish.api	c@c.com	ko-kr	A
2023-07-03 15:59:41	/api/session-finish.api	c@c.com	ko-kr	A
2023-07-03 15:59:44	/api/get_course_info.api	c@c.com	ko-kr
2023-07-03 15:59:55	/api/session-start.api	c@c.com	ko-kr	A
2023-07-03 15:59:55	/api/card-next.api	c@c.com	A	ko-kr	kiel vi fartas?	1	./quizB.html	female3
2023-07-03 15:59:55	/api/similar-words.api	c@c.com	A	ko-kr	kiel vi fartas?
2023-07-03 16:00:07	/api/similar-words-jk.api	c@c.com	A	ko-kr	vi	fartas
2023-07-03 16:03:24	/api/similar-words-jk.api	c@c.com	A	ko-kr	kiel	vi
2023-07-03 16:03:27	/api/playsound.api	c@c.com	male3/kiel vi fartas?.mp3
2023-07-03 16:03:29	/api/card-next.api	c@c.com	A	ko-kr	kio	1	./quizD.html	female3
2023-07-03 16:03:29	/api/playsound.api	c@c.com	ludoviko/kiel vi fartas?.mp3
2023-07-03 16:03:31	/api/similar-words-kor.api	c@c.com	A	ko-kr	무엇
2023-07-03 16:03:33	/api/put-score-kor.api	c@c.com	A	ko-kr	무엇	1
2023-07-03 16:03:33	/api/playsound.api	c@c.com	male1/kio.mp3
2023-07-03 16:03:35	/api/card-next.api	c@c.com	A	ko-kr	kio estas via nomo?	1	./quizG.html	male3
2023-07-03 16:03:35	/api/playsound.api	c@c.com	male1/kio.mp3
2023-07-03 16:03:36	/api/similar-words.api	c@c.com	A	ko-kr	kio estas via nomo?
2023-07-03 16:03:40	/api/put-score.api	c@c.com	A	ko-kr	via nomo estas ~	-1
2023-07-03 16:03:40	/api/playsound.api	c@c.com	male3/via nomo estas ~.mp3
2023-07-03 16:03:43	/api/put-score.api	c@c.com	A	ko-kr	kio estas via nomo?	1
2023-07-03 16:03:43	/api/playsound.api	c@c.com	male1/kio estas via nomo?.mp3
2023-07-03 16:03:46	/api/card-next.api	c@c.com	A	ko-kr	bona, bone	1	./quizC.html	male2
2023-07-03 16:03:46	/api/playsound.api	c@c.com	ludoviko/kio estas via nomo?.mp3
2023-07-03 16:03:48	/api/similar-words-kor.api	c@c.com	A	ko-kr	좋은 (형용사), 잘 (부사)
2023-07-03 16:03:50	/api/playsound.api	c@c.com	male2/bona, bone.mp3
2023-07-03 16:03:53	/api/put-score-kor.api	c@c.com	A	ko-kr	좋은 (형용사), 잘 (부사)	1
2023-07-03 16:03:53	/api/playsound.api	c@c.com	male3/bona, bone.mp3
2023-07-03 16:03:56	/api/card-next.api	c@c.com	A	ko-kr	fartas bone	1	./quizE.html	female1
2023-07-03 16:03:56	/api/playsound.api	c@c.com	male3/bona, bone.mp3
2023-07-03 16:03:59	/api/playsound.api	c@c.com	female1/fartas bone.mp3
2023-07-03 16:04:01	/api/card-next.api	c@c.com	A	ko-kr	mi fartas bone	1	./quizG.html	female2
2023-07-03 16:04:01	/api/playsound.api	c@c.com	female1/fartas bone.mp3
2023-07-03 16:04:03	/api/similar-words.api	c@c.com	A	ko-kr	mi fartas bone
2023-07-03 16:04:07	/api/put-score.api	c@c.com	A	ko-kr	mi fartas bone	1
2023-07-03 16:04:07	/api/playsound.api	c@c.com	female1/mi fartas bone.mp3
2023-07-03 16:04:09	/api/card-next.api	c@c.com	A	ko-kr	kaj	1	./quizB.html	female1
2023-07-03 16:04:09	/api/playsound.api	c@c.com	male2/mi fartas bone.mp3
2023-07-03 16:04:11	/api/similar-words.api	c@c.com	A	ko-kr	kaj
2023-07-03 16:04:13	/api/playsound.api	c@c.com	male1/libro kaj libroj.mp3
2023-07-03 16:04:15	/api/put-score.api	c@c.com	A	ko-kr	libro kaj libroj	1
2023-07-03 16:04:15	/api/playsound.api	c@c.com	male3/libro kaj libroj.mp3
2023-07-03 16:04:17	/api/playsound.api	c@c.com	male2/tablo kaj tabloj.mp3
2023-07-03 16:04:20	/api/put-score.api	c@c.com	A	ko-kr	tablo kaj tabloj	1
2023-07-03 16:04:20	/api/playsound.api	c@c.com	male3/tablo kaj tabloj.mp3
2023-07-03 16:04:22	/api/playsound.api	c@c.com	male1/papero kaj paperoj.mp3
2023-07-03 16:04:24	/api/put-score.api	c@c.com	A	ko-kr	papero kaj paperoj	1
2023-07-03 16:04:24	/api/playsound.api	c@c.com	female2/papero kaj paperoj.mp3
2023-07-03 16:04:26	/api/playsound.api	c@c.com	female3/kaj.mp3
2023-07-03 16:04:27	/api/put-score.api	c@c.com	A	ko-kr	kaj	1
2023-07-03 16:04:27	/api/playsound.api	c@c.com	male3/kaj.mp3
2023-07-03 16:04:29	/api/card-next.api	c@c.com	A	ko-kr	bone, kaj vi?	1	./quizG.html	male2
2023-07-03 16:04:29	/api/similar-words.api	c@c.com	A	ko-kr	bone, kaj vi?
2023-07-03 16:04:32	/api/put-score.api	c@c.com	A	ko-kr	bone, kaj vi?	1
2023-07-03 16:04:32	/api/playsound.api	c@c.com	female2/bone, kaj vi?.mp3
2023-07-03 16:04:34	/api/card-next.api	c@c.com	A	ko-kr	ĝis ~	1	./quizE.html	female1
2023-07-03 16:04:34	/api/playsound.api	c@c.com	ludoviko/bone, kaj vi?.mp3
2023-07-03 16:04:38	/api/playsound.api	c@c.com	female1/ĝis ~.mp3
2023-07-03 16:04:39	/api/card-next.api	c@c.com	A	ko-kr	vidas, vidis	0	./quiz-first.html	female1
2023-07-03 16:04:39	/api/playsound.api	c@c.com	male1/ĝis ~.mp3
2023-07-03 16:04:40	/api/similar-words-jk.api	c@c.com	A	ko-kr	vidas	
2023-07-03 16:04:41	/api/playsound.api	c@c.com	female1/vidas, vidis.mp3
2023-07-03 16:04:44	/api/playsound.api	c@c.com	female1/vidas, vidis.mp3
2023-07-03 16:04:46	/api/playsound.api	c@c.com	female1/vidas, vidis.mp3
2023-07-03 16:04:48	/api/session-finish.api	c@c.com	ko-kr	A
2023-07-03 16:04:55	/api/get_course_info.api	c@c.com	ko-kr
2023-07-03 16:04:57	/api/get_course_info.api	c@c.com	ko-kr
2023-07-03 16:04:59	/api/logout.api	c@c.com	ko-kr	A
2023-07-03 16:44:20	/api/login.api	c@c.com	c@c.com	cn-tw
2023-07-03 16:44:20	/api/get_course_info.api	c@c.com	cn-tw
2023-07-03 16:44:35	/api/login.api	c@c.com	c@c.com	ko-kr
2023-07-03 16:44:35	/api/get_course_info.api	c@c.com	ko-kr
2023-07-03 16:44:44	/api/login.api	c@c.com	c@c.com	en-us
2023-07-03 16:44:44	/api/get_course_info.api	c@c.com	en-us
2023-07-03 16:44:56	/api/login.api	c@c.com	c@c.com	ko-kr
2023-07-03 16:44:56	/api/get_course_info.api	c@c.com	ko-kr
2023-07-03 16:46:06	/api/login.api	c@c.com	c@c.com	ko-kr
2023-07-03 16:46:06	/api/get_course_info.api	c@c.com	ko-kr
2023-07-03 16:49:25	/api/get_course_info.api	c@c.com	ko-kr
2023-07-03 16:50:11	/api/get_course_info.api	c@c.com	en-us
2023-07-03 16:50:35	/api/get_course_info.api	c@c.com	ko-kr
2023-07-03 16:50:45	/api/get_course_info.api	c@c.com	en-us
2023-07-03 16:50:49	/api/get_course_info.api	c@c.com	ko-kr
2023-07-03 16:50:58	/api/get_course_info.api	c@c.com	en-us
2023-07-03 16:55:11	/api/get_course_info.api	c@c.com	en-us
2023-07-03 16:55:15	/api/get_course_info.api	c@c.com	ko-kr
2023-07-03 16:55:15	/api/get_course_info.api	c@c.com	ko-kr
2023-07-03 16:55:18	/api/get_course_info.api	c@c.com	en-us
2023-07-03 16:57:32	/api/get_course_info.api	c@c.com	en-us
2023-07-03 16:57:36	/api/get_course_info.api	c@c.com	ko-kr
2023-07-03 16:57:37	/api/get_course_info.api	c@c.com	en-us
2023-07-03 16:57:40	/api/get_course_info.api	c@c.com	ja-jp
2023-07-03 17:04:54	/api/get_course_info.api	c@c.com	ja-jp
2023-07-03 17:04:59	/api/get_course_info.api	c@c.com	ko-kr
2023-07-03 17:05:01	/api/get_course_info.api	c@c.com	cn-zh
2023-07-03 17:05:06	/api/get_course_info.api	c@c.com	ko-kr
2023-07-03 17:05:06	/api/get_course_info.api	c@c.com	en-us
2023-07-03 17:05:09	/api/get_course_info.api	c@c.com	ko-kr
2023-07-03 17:09:30	/api/get_course_info.api	c@c.com	ko-kr
2023-07-03 17:09:36	/api/get_course_info.api	c@c.com	en-us
2023-07-03 17:09:44	/api/get_course_info.api	c@c.com	ko-kr
2023-07-03 17:09:48	/api/get_course_info.api	c@c.com	ko-kr
2023-07-03 17:09:52	/api/session-start.api	c@c.com	ko-kr	A
2023-07-03 17:09:52	/api/card-next.api	c@c.com	A	ko-kr	mia, via	4	./quizD.html	ludoviko
2023-07-03 17:09:52	/api/similar-words-kor.api	c@c.com	A	ko-kr	나의, 당신의
