2023-12-26 16:03:18	/api/login.api	a@a.com	a@a.com	vi-vn
2023-12-26 16:03:18	/api/get_course_info.api	a@a.com	vi-vn
2023-12-26 16:03:21	/api/get_course_info.api	a@a.com	ko-kr
2023-12-26 16:03:28	/api/get_course_info.api	a@a.com	ko-kr
2023-12-26 16:03:36	/api/session-start.api	a@a.com	ko-kr	K
2023-12-26 16:03:36	/api/card-next.api	a@a.com	K	ko-kr	Bonvole donu al mi akvon.	0	./quizE.html	female1
2023-12-26 16:03:37	/api/playsound.api	a@a.com	female1/Bonvole donu al mi akvon..mp3
2023-12-26 16:17:08	/api/login.api	a@a.com	a@a.com	ko-kr
2023-12-26 16:17:08	/api/get_course_info.api	a@a.com	ko-kr
2023-12-26 16:17:14	/api/get_course_info.api	a@a.com	ko-kr
2023-12-26 16:17:16	/api/session-start.api	a@a.com	ko-kr	K
2023-12-26 16:17:16	/api/card-next.api	a@a.com	K	ko-kr	Bonvole donu al mi akvon.	0	./quizI.html	male2
2023-12-26 16:17:16	/api/similar-words-jk.api	a@a.com	K	ko-kr	Bonvole	mi
2023-12-26 16:17:19	/api/playsound.api	a@a.com	male2/Bonvole donu al mi akvon..mp3
2023-12-26 16:17:23	/api/playsound.api	a@a.com	female1/Bonvole donu al mi akvon..mp3
2023-12-26 16:17:25	/api/card-next.api	a@a.com	K	ko-kr	Bonvole donu al mi monon.	0	./quizC.html	female1
2023-12-26 16:17:25	/api/playsound.api	a@a.com	female2/Bonvole donu al mi akvon..mp3
2023-12-26 16:17:28	/api/similar-words-kor.api	a@a.com	K	ko-kr	나에게 돈을 주세요.
2023-12-26 16:17:30	/api/put-score-kor.api	a@a.com	K	ko-kr	나에게 돈을 주세요.	1
2023-12-26 16:17:30	/api/playsound.api	a@a.com	male2/Bonvole donu al mi monon..mp3
2023-12-26 16:17:32	/api/card-next.api	a@a.com	K	ko-kr	Bonvole donu al mi liberon.	0	./quizH.html	female2
2023-12-26 16:17:32	/api/playsound.api	a@a.com	ludoviko/Bonvole donu al mi monon..mp3
2023-12-26 16:17:35	/api/similar-words.api	a@a.com	K	ko-kr	Bonvole donu al mi liberon.
2023-12-26 16:17:36	/api/playsound.api	a@a.com	male1/Bonvole donu al mi liberon..mp3
2023-12-26 16:17:39	/api/put-score.api	a@a.com	K	ko-kr	Bonvole donu al mi liberon.	1
2023-12-26 16:17:39	/api/playsound.api	a@a.com	male1/Bonvole donu al mi liberon..mp3
2023-12-26 16:17:42	/api/card-next.api	a@a.com	K	ko-kr	Bonvole donu al mi la libron.	0	./quizE.html	female1
2023-12-26 16:17:42	/api/playsound.api	a@a.com	female1/Bonvole donu al mi liberon..mp3
2023-12-26 16:17:46	/api/playsound.api	a@a.com	female1/Bonvole donu al mi la libron..mp3
2023-12-26 16:17:48	/api/card-next.api	a@a.com	K	ko-kr	Bonvole donu al mi vian konsilon.	0	./quizG.html	female1
2023-12-26 16:17:48	/api/playsound.api	a@a.com	female2/Bonvole donu al mi la libron..mp3
2023-12-26 16:17:51	/api/similar-words.api	a@a.com	K	ko-kr	Bonvole donu al mi vian konsilon.
2023-12-26 16:17:53	/api/get_course_info.api	a@a.com	ko-kr
2023-12-26 16:28:48	/api/login.api	a@a.com	a@a.com	ko-kr
2023-12-26 16:28:48	/api/get_course_info.api	a@a.com	ko-kr
2023-12-26 16:28:51	/api/get_course_info.api	a@a.com	ko-kr
2023-12-26 16:28:58	/api/get_course_info.api	a@a.com	ko-kr
2023-12-26 16:31:04	/api/get_course_info.api	a@a.com	ko-kr
2023-12-26 16:31:09	/api/logout.api	a@a.com	ko-kr	A
2023-12-26 16:31:17	/api/login.api	a@a.com	a@a.com	ko-kr
2023-12-26 16:31:17	/api/get_course_info.api	a@a.com	ko-kr
2023-12-26 16:31:21	/api/get_course_info.api	a@a.com	ja-jp
2023-12-26 16:31:23	/api/get_course_info.api	a@a.com	ja-jp
2023-12-26 16:42:37	/api/get_course_info.api	a@a.com	ja-jp
2023-12-26 16:42:44	/api/jump-level.api	a@a.com	H	ja-jp	NaN
2023-12-26 16:43:00	/api/jump-level.api	a@a.com	H	ja-jp	15
2023-12-26 16:43:00	/api/get_course_info.api	a@a.com	ja-jp
2023-12-26 16:43:09	/api/jump-level.api	a@a.com	H	ja-jp	100
2023-12-26 16:43:09	/api/get_course_info.api	a@a.com	ja-jp
2023-12-26 16:44:26	/api/get_course_info.api	a@a.com	ja-jp
2023-12-26 16:44:29	/api/jump-level.api	a@a.com	H	ja-jp	40
2023-12-26 16:44:30	/api/get_course_info.api	a@a.com	ja-jp
2023-12-26 16:44:33	/api/jump-level.api	a@a.com	H	ja-jp	50
2023-12-26 16:44:33	/api/get_course_info.api	a@a.com	ja-jp
2023-12-26 16:44:38	/api/jump-level.api	a@a.com	H	ja-jp	NaN
2023-12-26 16:45:11	/api/get_course_info.api	a@a.com	ja-jp
2023-12-26 16:45:17	/api/jump-level.api	a@a.com	H	ja-jp	100
2023-12-26 16:45:17	/api/get_course_info.api	a@a.com	ja-jp
2023-12-26 16:45:19	/api/session-start.api	a@a.com	ja-jp	H
2023-12-26 16:45:19	/api/card-next.api	a@a.com	H	ja-jp	Verŝajne, vi geknaboj ŝatas lin.	7	./quizF.html	female1
2023-12-26 16:45:23	/api/playsound.api	a@a.com	female1/Verŝajne, vi geknaboj ŝatas lin..mp3
2023-12-26 16:45:27	/api/get_course_info.api	a@a.com	ja-jp
2023-12-26 16:45:33	/api/get_course_info.api	a@a.com	ja-jp
2023-12-26 16:45:38	/api/jump-level.api	a@a.com	B	ja-jp	NaN
2023-12-26 16:46:25	/api/get_course_info.api	a@a.com	ja-jp
2023-12-26 16:46:32	/api/jump-level.api	a@a.com	B	ja-jp	0
2023-12-26 16:46:32	/api/get_course_info.api	a@a.com	ja-jp
2023-12-26 16:46:35	/api/jump-level.api	a@a.com	B	ja-jp	1
2023-12-26 16:46:35	/api/get_course_info.api	a@a.com	ja-jp
2023-12-26 16:46:39	/api/jump-level.api	a@a.com	B	ja-jp	5
2023-12-26 16:46:39	/api/get_course_info.api	a@a.com	ja-jp
2023-12-26 16:46:47	/api/jump-level.api	a@a.com	B	ja-jp	5
2023-12-26 16:46:47	/api/get_course_info.api	a@a.com	ja-jp
2023-12-26 16:46:50	/api/get_course_info.api	a@a.com	ja-jp
2023-12-26 16:46:54	/api/jump-level.api	a@a.com	B	ja-jp	5
2023-12-26 16:46:54	/api/get_course_info.api	a@a.com	ja-jp
2023-12-26 16:47:03	/api/jump-level.api	a@a.com	B	ja-jp	8
2023-12-26 16:47:04	/api/get_course_info.api	a@a.com	ja-jp
2023-12-26 16:53:24	/api/get_course_info.api	a@a.com	ja-jp
2023-12-26 16:53:27	/api/jump-level.api	a@a.com	B	ja-jp	NaN
2023-12-26 16:55:22	/api/get_course_info.api	a@a.com	ja-jp
2023-12-26 16:57:12	/api/get_course_info.api	a@a.com	ja-jp
2023-12-26 16:58:13	/api/get_course_info.api	a@a.com	ja-jp
2023-12-26 16:58:33	/api/get_course_info.api	a@a.com	ja-jp
2023-12-26 16:58:35	/api/jump-level.api	a@a.com	B	ja-jp	8
2023-12-26 16:58:35	/api/get_course_info.api	a@a.com	ja-jp
2023-12-26 16:59:17	/api/get_course_info.api	a@a.com	ja-jp
2023-12-26 16:59:37	/api/jump-level.api	a@a.com	B	ja-jp	20
2023-12-26 16:59:37	/api/get_course_info.api	a@a.com	ja-jp
2023-12-26 17:00:42	/api/get_course_info.api	a@a.com	ja-jp
2023-12-26 17:01:13	/api/jump-level.api	a@a.com	B	ja-jp	NaN
2023-12-26 17:01:45	/api/get_course_info.api	a@a.com	ja-jp
2023-12-26 17:03:14	/api/login.api	a@a.com	a@a.com	ja-jp
2023-12-26 17:03:14	/api/get_course_info.api	a@a.com	ja-jp
2023-12-26 17:03:16	/api/get_course_info.api	a@a.com	ja-jp
2023-12-26 17:03:23	/api/jump-level.api	a@a.com	A	ja-jp	NaN
2023-12-26 17:03:48	/api/get_course_info.api	a@a.com	ja-jp
2023-12-26 17:03:51	/api/jump-level.api	a@a.com	A	ja-jp	NaN
2023-12-26 17:03:53	/api/jump-level.api	a@a.com	A	ja-jp	5
2023-12-26 17:03:53	/api/get_course_info.api	a@a.com	ja-jp
2023-12-26 17:03:56	/api/jump-level.api	a@a.com	A	ja-jp	15
2023-12-26 17:03:57	/api/get_course_info.api	a@a.com	ja-jp
