2023-05-20 00:46:16	/api/session-start.api	a@a.com	ko-kr	A
2023-05-20 00:46:16	/api/card-next.api	a@a.com	A	ko-kr	mi estas ~	5	./quizB.html	male1
2023-05-20 00:46:16	/api/similar-words.api	a@a.com	A	ko-kr	mi estas ~
2023-05-20 00:46:22	/api/similar-words-kor.api	a@a.com	A	ko-kr	나는 ~ 이다
2023-05-20 00:47:08	/api/similar-words-kor.api	a@a.com	A	ko-kr	나는 ~ 이다
2023-05-20 00:47:16	/api/similar-words-kor.api	a@a.com	A	ko-kr	나는 ~ 이다
2023-05-20 00:47:21	/api/similar-words.api	a@a.com	A	ko-kr	mi estas ~
2023-05-20 00:51:45	/api/similar-words-kor.api	a@a.com	A	ko-kr	나는 ~ 이다
2023-05-20 00:52:48	/api/similar-words-kor.api	a@a.com	A	ko-kr	나는 ~ 이다
2023-05-20 00:53:04	/api/similar-words.api	a@a.com	A	ko-kr	mi estas ~
2023-05-20 00:53:39	/api/similar-words.api	a@a.com	A	ko-kr	mi estas ~
2023-05-20 00:53:41	/api/similar-words-kor.api	a@a.com	A	ko-kr	나는 ~ 이다
2023-05-20 00:53:41	/api/similar-words-kor.api	a@a.com	A	ko-kr	나는 ~ 이다
2023-05-20 00:58:04	/api/similar-words-kor.api	a@a.com	A	ko-kr	나는 ~ 이다
2023-05-20 01:00:07	/api/similar-words-kor.api	a@a.com	A	ko-kr	나는 ~ 이다
2023-05-20 01:02:13	/api/similar-words-kor.api	a@a.com	A	ko-kr	나는 ~ 이다
2023-05-20 01:02:17	/api/similar-words-kor.api	a@a.com	A	ko-kr	나는 ~ 이다
2023-05-20 01:05:52	/api/similar-words-kor.api	a@a.com	A	ko-kr	나는 ~ 이다
2023-05-20 01:06:02	/api/similar-words-kor.api	a@a.com	A	ko-kr	나는 ~ 이다
2023-05-20 01:06:37	/api/similar-words-kor.api	a@a.com	A	ko-kr	나는 ~ 이다
2023-05-20 01:12:12	/api/put-score-kor.api	a@a.com	A	ko-kr	나는 ~ 이다	1
2023-05-20 01:12:14	/api/card-next.api	a@a.com	A	ko-kr	mia, via	4	./quizG.html	male3
2023-05-20 01:12:14	/api/similar-words.api	a@a.com	A	ko-kr	mia, via
2023-05-20 01:12:52	/api/similar-words-kor.api	a@a.com	A	ko-kr	나의, 당신의
2023-05-20 01:15:25	/api/similar-words-kor.api	a@a.com	A	ko-kr	나의, 당신의
2023-05-20 01:15:39	/api/similar-words-kor.api	a@a.com	A	ko-kr	나의, 당신의
2023-05-20 01:23:47	/api/similar-words.api	a@a.com	A	ko-kr	mia, via
2023-05-20 01:23:54	/api/similar-words-kor.api	a@a.com	A	ko-kr	나의, 당신의
2023-05-20 01:24:03	/api/similar-words-kor.api	a@a.com	A	ko-kr	나의, 당신의
2023-05-20 01:24:55	/api/similar-words.api	a@a.com	A	ko-kr	mia, via
2023-05-20 01:25:00	/api/similar-words.api	a@a.com	A	ko-kr	mia, via
2023-05-20 01:30:38	/api/similar-words-kor.api	a@a.com	A	ko-kr	나의, 당신의
2023-05-20 01:35:49	/api/similar-words-kor.api	a@a.com	A	ko-kr	나의, 당신의
2023-05-20 01:35:55	/api/put-score-kor.api	a@a.com	A	ko-kr	나, 당신	-1
2023-05-20 01:35:55	/api/put-score-kor.api	a@a.com	A	ko-kr	나의, 당신의	1
2023-05-20 01:35:56	/api/session-finish.api	a@a.com	ko-kr	A
2023-05-20 01:37:11	/api/similar-words.api	a@a.com	A	ko-kr	mia, via
2023-05-20 01:37:16	/api/similar-words-kor.api	a@a.com	A	ko-kr	나의, 당신의
2023-05-20 01:37:56	/api/similar-words-kor.api	a@a.com	A	ko-kr	나의, 당신의
2023-05-20 01:39:01	/api/similar-words-kor.api	a@a.com	A	ko-kr	나의, 당신의
2023-05-20 01:39:15	/api/similar-words-kor.api	a@a.com	A	ko-kr	나의, 당신의
2023-05-20 01:39:27	/api/similar-words.api	a@a.com	A	ko-kr	mia, via
2023-05-20 01:39:36	/api/similar-words.api	a@a.com	A	ko-kr	mia, via
