2023-06-12 15:33:10	/api/login.api	a@a.com	a@a.com	ko-kr
2023-06-12 15:33:18	/api/session-start.api	a@a.com	ko-kr	B
2023-06-12 15:33:18	/api/card-next.api	a@a.com	B	ko-kr	saluton!	3	./quizD.html	ludoviko
2023-06-12 15:33:18	/api/similar-words-kor.api	a@a.com	B	ko-kr	안녕하세요
2023-06-12 15:36:22	/api/similar-words-kor.api	a@a.com	B	ko-kr	안녕하세요
2023-06-12 15:38:10	/api/similar-words-kor.api	a@a.com	B	ko-kr	안녕하세요
2023-06-12 15:38:28	/api/similar-words-kor.api	a@a.com	B	ko-kr	안녕하세요
2023-06-12 15:41:15	/api/similar-words-kor.api	a@a.com	B	ko-kr	안녕하세요
2023-06-12 15:41:21	/api/put-score-kor.api	a@a.com	B	ko-kr	안녕하세요	1
2023-06-12 15:41:23	/api/card-next.api	a@a.com	B	ko-kr	mi estas ~	2	./quizI.html	female2
2023-06-12 15:41:23	/api/similar-words-jk.api	a@a.com	B	ko-kr	estas	
2023-06-12 15:44:25	/api/card-next.api	a@a.com	B	ko-kr	kiu vi estas?	2	./quizD.html	ludoviko
2023-06-12 15:44:25	/api/similar-words-kor.api	a@a.com	B	ko-kr	당신은 누구입니까?
2023-06-12 15:44:33	/api/put-score-kor.api	a@a.com	B	ko-kr	당신은 누구입니까?	1
2023-06-12 15:44:35	/api/card-next.api	a@a.com	B	ko-kr	mia nomo estas ~	2	./quizD.html	male2
2023-06-12 15:44:35	/api/similar-words-kor.api	a@a.com	B	ko-kr	내 이름은 ~입니다
2023-06-12 15:45:00	/api/similar-words-kor.api	a@a.com	B	ko-kr	내 이름은 ~입니다
2023-06-12 15:46:01	/api/similar-words-kor.api	a@a.com	B	ko-kr	내 이름은 ~입니다
2023-06-12 15:46:53	/api/similar-words-kor.api	a@a.com	B	ko-kr	내 이름은 ~입니다
2023-06-12 15:46:55	/api/put-score-kor.api	a@a.com	B	ko-kr	내 이름은 ~입니다	1
2023-06-12 15:46:58	/api/card-next.api	a@a.com	B	ko-kr	mi ĝojas	2	./quizC.html	female2
2023-06-12 15:46:58	/api/similar-words-kor.api	a@a.com	B	ko-kr	나는 기쁩니다
2023-06-12 15:47:37	/api/similar-words-kor.api	a@a.com	B	ko-kr	나는 기쁩니다
2023-06-12 15:56:53	/api/similar-words-kor.api	a@a.com	B	ko-kr	나는 기쁩니다
2023-06-12 15:56:57	/api/put-score-kor.api	a@a.com	B	ko-kr	나는 ~ 입니다	-1
2023-06-12 15:56:58	/api/put-score-kor.api	a@a.com	B	ko-kr	나는 기쁩니다	1
2023-06-12 15:56:58	/api/playsound.api	a@a.com	female1/mi ĝojas.mp3
2023-06-12 15:59:43	/api/card-next.api	a@a.com	B	ko-kr	ankaŭ mi ĝojas	3	./quizI.html	ludoviko
2023-06-12 15:59:43	/api/playsound.api	a@a.com	male2/mi ĝojas.mp3
2023-06-12 15:59:43	/api/similar-words-jk.api	a@a.com	B	ko-kr	mi	
2023-06-12 16:03:40	/api/similar-words-kor.api	a@a.com	B	ko-kr	나도 기쁩니다
2023-06-12 16:03:46	/api/put-score-kor.api	a@a.com	B	ko-kr	나도 기쁩니다	1
2023-06-12 16:03:46	/api/playsound.api	a@a.com	male3/ankaŭ mi ĝojas.mp3
2023-06-12 16:03:48	/api/card-next.api	a@a.com	B	ko-kr	ofte venas	2	./quizI.html	ludoviko
2023-06-12 16:03:48	/api/playsound.api	a@a.com	ludoviko/ankaŭ mi ĝojas.mp3
2023-06-12 16:03:50	/api/similar-words-jk.api	a@a.com	B	ko-kr	ofte	
2023-06-12 16:03:58	/api/card-next.api	a@a.com	B	ko-kr	al tiu ĉi dancejo	1	./quizH.html	ludoviko
2023-06-12 16:03:58	/api/playsound.api	a@a.com	ludoviko/ofte venas.mp3
2023-06-12 16:03:58	/api/similar-words.api	a@a.com	B	ko-kr	al tiu ĉi dancejo
2023-06-12 16:04:54	/api/similar-words-jk.api	a@a.com	B	ko-kr	dancejo	ĉi
2023-06-12 16:05:00	/api/card-next.api	a@a.com	B	ko-kr	ĉu vi ofte venas al tiu ĉi dancejo?	0	./quiz-first.html	ludoviko
2023-06-12 16:05:00	/api/playsound.api	a@a.com	ludoviko/al tiu ĉi dancejo.mp3
2023-06-12 16:05:07	/api/card-next.api	a@a.com	B	ko-kr	ne, ĉu vi?	0	./quiz-first.html	ludoviko
2023-06-12 16:07:06	/api/playsound.api	a@a.com	ludoviko/ĉu vi ofte venas al tiu ĉi dancejo?.mp3
2023-06-12 16:07:06	/api/card-next.api	a@a.com	B	ko-kr	ankaŭ mi ne	0	./quiz-first.html	ludoviko
2023-06-12 16:07:22	/api/playsound.api	a@a.com	ludoviko/ne, ĉu vi?.mp3
2023-06-12 16:07:22	/api/session-finish.api	a@a.com	ko-kr	B
2023-06-12 16:09:29	/api/similar-words.api	a@a.com	B	ko-kr	ankaŭ mi ne
2023-06-12 16:13:46	/api/similar-words.api	a@a.com	B	ko-kr	ankaŭ mi ne
2023-06-12 16:13:54	/api/session-start.api	a@a.com	ko-kr	A
2023-06-12 16:13:54	/api/card-next.api	a@a.com	A	ko-kr	mi, vi	1	./quizH.html	female2
2023-06-12 16:13:54	/api/similar-words.api	a@a.com	A	ko-kr	mi, vi
2023-06-12 16:13:57	/api/playsound.api	a@a.com	ludoviko/mi, vi.mp3
2023-06-12 16:13:59	/api/put-score.api	a@a.com	A	ko-kr	mi, vi	1
2023-06-12 16:13:59	/api/playsound.api	a@a.com	male2/mi, vi.mp3
2023-06-12 16:14:00	/api/card-next.api	a@a.com	A	ko-kr	estas, estis	1	./quizF.html	male3
2023-06-12 16:14:02	/api/card-next.api	a@a.com	A	ko-kr	mi estas ~	1	./quizD.html	female3
2023-06-12 16:14:02	/api/playsound.api	a@a.com	ludoviko/estas, estis.mp3
2023-06-12 16:14:04	/api/similar-words-kor.api	a@a.com	A	ko-kr	나는 ~ 이다
2023-06-12 16:14:10	/api/put-score-kor.api	a@a.com	A	ko-kr	나는 ~ 이다	1
2023-06-12 16:14:10	/api/playsound.api	a@a.com	male2/mi estas ~.mp3
2023-06-12 16:14:13	/api/card-next.api	a@a.com	A	ko-kr	vi estas ~	0	./quiz-first.html	female2
2023-06-12 16:14:19	/api/playsound.api	a@a.com	female2/vi estas ~.mp3
2023-06-12 16:14:23	/api/card-next.api	a@a.com	A	ko-kr	saluton	0	./quiz-first.html	female3
2023-06-12 16:14:25	/api/playsound.api	a@a.com	female3/saluton.mp3
2023-06-12 16:14:27	/api/card-next.api	a@a.com	A	ko-kr	saluton, mi estas ~	0	./quiz-first.html	female1
2023-06-12 16:14:28	/api/playsound.api	a@a.com	female1/saluton, mi estas ~.mp3
2023-06-12 16:14:31	/api/card-next.api	a@a.com	A	ko-kr	mia, via	0	./quiz-first.html	female2
2023-06-12 16:14:32	/api/playsound.api	a@a.com	female2/mia, via.mp3
2023-06-12 16:14:44	/api/card-next.api	a@a.com	A	ko-kr	nomo	0	./quiz-first.html	male1
2023-06-12 16:14:46	/api/playsound.api	a@a.com	male1/nomo.mp3
2023-06-12 16:14:49	/api/card-next.api	a@a.com	A	ko-kr	mia nomo, via nomo	0	./quiz-first.html	male3
2023-06-12 16:14:53	/api/playsound.api	a@a.com	male3/mia nomo, via nomo.mp3
2023-06-12 16:14:56	/api/card-next.api	a@a.com	A	ko-kr	mia nomo estas ~	0	./quiz-first.html	ludoviko
2023-06-12 16:14:57	/api/playsound.api	a@a.com	ludoviko/mia nomo estas ~.mp3
2023-06-12 16:14:59	/api/card-next.api	a@a.com	A	ko-kr	via nomo estas ~	0	./quiz-first.html	female3
2023-06-12 16:14:59	/api/playsound.api	a@a.com	female3/via nomo estas ~.mp3
2023-06-12 16:15:01	/api/session-finish.api	a@a.com	ko-kr	A
2023-06-12 16:16:45	/api/session-finish.api	a@a.com	ko-kr	A
2023-06-12 16:16:46	/api/playsound.api	a@a.com	female1/mi, vi.mp3
2023-06-12 16:16:48	/api/playsound.api	a@a.com	male3/estas, estis.mp3
2023-06-12 16:16:50	/api/playsound.api	a@a.com	female2/mia nomo, via nomo.mp3
2023-06-12 16:17:00	/api/session-start.api	a@a.com	ko-kr	C
2023-06-12 16:17:00	/api/card-next.api	a@a.com	C	ko-kr	amo	0	./quiz-first.html	ludoviko
2023-06-12 16:17:02	/api/playsound.api	a@a.com	ludoviko/amo.mp3
2023-06-12 16:17:04	/api/card-next.api	a@a.com	C	ko-kr	malamo	0	./quiz-first.html	ludoviko
2023-06-12 16:17:04	/api/playsound.api	a@a.com	ludoviko/malamo.mp3
2023-06-12 16:17:06	/api/card-next.api	a@a.com	C	ko-kr	silenta	0	./quiz-first.html	ludoviko
2023-06-12 16:17:06	/api/playsound.api	a@a.com	ludoviko/silenta.mp3
2023-06-12 16:17:07	/api/card-next.api	a@a.com	C	ko-kr	ama	0	./quiz-first.html	ludoviko
2023-06-12 16:17:08	/api/playsound.api	a@a.com	ludoviko/ama.mp3
2023-06-12 16:17:10	/api/card-next.api	a@a.com	C	ko-kr	silente	0	./quiz-first.html	ludoviko
2023-06-12 16:17:11	/api/playsound.api	a@a.com	ludoviko/silente.mp3
2023-06-12 16:17:12	/api/card-next.api	a@a.com	C	ko-kr	ĝoje	0	./quiz-first.html	ludoviko
2023-06-12 16:17:14	/api/playsound.api	a@a.com	ludoviko/ĝoje.mp3
2023-06-12 16:17:15	/api/card-next.api	a@a.com	C	ko-kr	doni	0	./quiz-first.html	ludoviko
2023-06-12 16:17:16	/api/playsound.api	a@a.com	ludoviko/doni.mp3
2023-06-12 16:17:18	/api/card-next.api	a@a.com	C	ko-kr	havi	0	./quiz-first.html	ludoviko
2023-06-12 16:17:19	/api/playsound.api	a@a.com	ludoviko/havi.mp3
2023-06-12 16:17:20	/api/card-next.api	a@a.com	C	ko-kr	sono	0	./quiz-first.html	ludoviko
2023-06-12 16:17:21	/api/playsound.api	a@a.com	ludoviko/sono.mp3
2023-06-12 16:17:22	/api/card-next.api	a@a.com	C	ko-kr	silento	0	./quiz-first.html	ludoviko
2023-06-12 16:17:23	/api/playsound.api	a@a.com	ludoviko/silento.mp3
2023-06-12 16:17:25	/api/card-next.api	a@a.com	C	ko-kr	silenti	0	./quiz-first.html	ludoviko
2023-06-12 16:21:03	/api/playsound.api	a@a.com	ludoviko/silenti.mp3
2023-06-12 16:21:05	/api/session-finish.api	a@a.com	ko-kr	C
2023-06-12 16:21:22	/api/session-start.api	a@a.com	ko-kr	C
2023-06-12 16:21:22	/api/card-next.api	a@a.com	C	ko-kr	silenti	0	./quiz-first.html	ludoviko
2023-06-12 16:21:33	/api/session-start.api	a@a.com	ko-kr	A
2023-06-12 16:21:33	/api/card-next.api	a@a.com	A	ko-kr	vi estas ~	1	./quizC.html	female3
2023-06-12 16:21:33	/api/similar-words-kor.api	a@a.com	A	ko-kr	당신은 ~ 이다
2023-06-12 16:21:33	/api/playsound.api	a@a.com	female1/vi estas ~.mp3
2023-06-12 16:21:36	/api/put-score-kor.api	a@a.com	A	ko-kr	당신은 ~ 이다	1
2023-06-12 16:21:36	/api/playsound.api	a@a.com	female3/vi estas ~.mp3
2023-06-12 16:21:37	/api/card-next.api	a@a.com	A	ko-kr	saluton	1	./quizG.html	ludoviko
2023-06-12 16:21:37	/api/playsound.api	a@a.com	male2/vi estas ~.mp3
2023-06-12 16:21:39	/api/similar-words.api	a@a.com	A	ko-kr	saluton
2023-06-12 16:21:41	/api/put-score.api	a@a.com	A	ko-kr	saluton	1
2023-06-12 16:21:41	/api/playsound.api	a@a.com	male1/saluton.mp3
2023-06-12 16:21:43	/api/card-next.api	a@a.com	A	ko-kr	saluton, mi estas ~	1	./quizH.html	male3
2023-06-12 16:21:43	/api/playsound.api	a@a.com	male3/saluton.mp3
2023-06-12 16:21:44	/api/similar-words.api	a@a.com	A	ko-kr	saluton, mi estas ~
2023-06-12 16:21:46	/api/put-score.api	a@a.com	A	ko-kr	mia nomo estas ~	-1
2023-06-12 16:21:49	/api/playsound.api	a@a.com	female3/saluton, mi estas ~.mp3
2023-06-12 16:21:52	/api/put-score.api	a@a.com	A	ko-kr	saluton, mi estas ~	1
2023-06-12 16:21:52	/api/playsound.api	a@a.com	female2/saluton, mi estas ~.mp3
2023-06-12 16:21:53	/api/card-next.api	a@a.com	A	ko-kr	mia, via	1	./quizH.html	female3
2023-06-12 16:21:57	/api/card-next.api	a@a.com	A	ko-kr	nomo	1	./quizB.html	male2
2023-06-12 16:21:57	/api/playsound.api	a@a.com	female3/mia, via.mp3
2023-06-12 16:21:58	/api/similar-words.api	a@a.com	A	ko-kr	nomo
2023-06-12 16:22:07	/api/card-next.api	a@a.com	A	ko-kr	mia nomo, via nomo	1	./quizF.html	male2
2023-06-12 16:22:07	/api/playsound.api	a@a.com	male2/nomo.mp3
2023-06-12 16:22:13	/api/card-next.api	a@a.com	A	ko-kr	via nomo estas ~	0	./quiz-first.html	male3
2023-06-12 16:22:13	/api/playsound.api	a@a.com	female1/mia nomo, via nomo.mp3
2023-06-12 16:22:29	/api/card-next.api	a@a.com	A	ko-kr	fartas, fartis	0	./quiz-first.html	female3
2023-06-12 16:22:29	/api/playsound.api	a@a.com	male3/via nomo estas ~.mp3
2023-06-12 16:22:30	/api/card-next.api	a@a.com	A	ko-kr	estis, estos	0	./quiz-first.html	female1
2023-06-12 16:22:30	/api/card-next.api	a@a.com	A	ko-kr	nomo, nomon	0	./quiz-first.html	male2
2023-06-12 16:26:47	/api/similar-words.api	a@a.com	A	ko-kr	nomo, nomon
2023-06-12 16:26:49	/api/put-score.api	a@a.com	A	ko-kr	nomo	-1
2023-06-12 16:26:50	/api/put-score.api	a@a.com	A	ko-kr	mia nomo, via nomo	-1
2023-06-12 16:26:51	/api/playsound.api	a@a.com	male3/nomo, nomon.mp3
2023-06-12 16:26:53	/api/put-score.api	a@a.com	A	ko-kr	nomo, nomon	1
2023-06-12 16:26:53	/api/playsound.api	a@a.com	ludoviko/nomo, nomon.mp3
2023-06-12 16:26:55	/api/playsound.api	a@a.com	female3/nomo, nomon.mp3
2023-06-12 16:26:56	/api/session-finish.api	a@a.com	ko-kr	A
2023-06-12 16:26:56	/api/session-start.api	a@a.com	ko-kr	A
2023-06-12 16:26:56	/api/card-next.api	a@a.com	A	ko-kr	mia nomo estas ~	1	./quizE.html	female1
2023-06-12 16:27:01	/api/playsound.api	a@a.com	female1/mia nomo estas ~.mp3
2023-06-12 16:27:04	/api/card-next.api	a@a.com	A	ko-kr	mia amo	0	./quiz-first.html	female2
2023-06-12 16:27:36	/api/session-start.api	a@a.com	ko-kr	A
2023-06-12 16:27:36	/api/card-next.api	a@a.com	A	ko-kr	via nomo estas ~	1	./quizI.html	male3
2023-06-12 16:27:36	/api/similar-words-jk.api	a@a.com	A	ko-kr	nomo	via
2023-06-12 16:27:39	/api/playsound.api	a@a.com	male3/via nomo estas ~.mp3
2023-06-12 16:27:45	/api/card-next.api	a@a.com	A	ko-kr	fartas, fartis	1	./quizF.html	male3
2023-06-12 16:29:14	/api/similar-words-jk.api	a@a.com	A	ko-kr	fartis	
2023-06-12 16:29:23	/api/playsound.api	a@a.com	male3/fartas, fartis.mp3
2023-06-12 16:29:27	/api/card-next.api	a@a.com	A	ko-kr	estis, estos	1	./quizD.html	male3
2023-06-12 16:29:52	/api/card-next.api	a@a.com	A	ko-kr	mia amo	0	./quiz-first.html	male3
2023-06-12 16:30:04	/api/card-next.api	a@a.com	A	ko-kr	vi fartas	0	./quiz-first.html	female1
2023-06-12 16:30:04	/api/playsound.api	a@a.com	male3/estis, estos.mp3
2023-06-12 16:30:05	/api/card-next.api	a@a.com	A	ko-kr	kiel	0	./quiz-first.html	female3
2023-06-12 16:30:05	/api/playsound.api	a@a.com	male3/mia amo.mp3
2023-06-12 16:30:05	/api/card-next.api	a@a.com	A	ko-kr	kiel vi fartas?	0	./quiz-first.html	female3
2023-06-12 16:30:05	/api/playsound.api	a@a.com	female1/vi fartas.mp3
2023-06-12 16:30:05	/api/card-next.api	a@a.com	A	ko-kr	kio	0	./quiz-first.html	ludoviko
2023-06-12 16:30:05	/api/playsound.api	a@a.com	female3/kiel.mp3
2023-06-12 16:30:05	/api/card-next.api	a@a.com	A	ko-kr	kio estas via nomo?	0	./quiz-first.html	female1
2023-06-12 16:30:05	/api/playsound.api	a@a.com	female3/kiel vi fartas?.mp3
2023-06-12 16:30:05	/api/card-next.api	a@a.com	A	ko-kr	bona, bone	0	./quiz-first.html	ludoviko
2023-06-12 16:30:05	/api/playsound.api	a@a.com	ludoviko/kio.mp3
2023-06-12 16:30:05	/api/card-next.api	a@a.com	A	ko-kr	fartas bone	0	./quiz-first.html	ludoviko
2023-06-12 16:30:05	/api/playsound.api	a@a.com	female1/kio estas via nomo?.mp3
2023-06-12 16:30:05	/api/playsound.api	a@a.com	ludoviko/bona, bone.mp3
2023-06-12 16:30:06	/api/playsound.api	a@a.com	ludoviko/fartas bone.mp3
2023-06-12 16:32:53	/api/similar-words-jk.api	a@a.com	A	ko-kr	bone	
2023-06-12 16:35:00	/api/similar-words-jk.api	a@a.com	A	ko-kr	bone	
2023-06-12 16:35:02	/api/similar-words-jk.api	a@a.com	A	ko-kr	fartas	
2023-06-12 16:35:05	/api/playsound.api	a@a.com	ludoviko/fartas bone.mp3
2023-06-12 16:38:53	/api/similar-words-jk.api	a@a.com	A	ko-kr	fartas	
2023-06-12 16:38:56	/api/playsound.api	a@a.com	ludoviko/fartas bone.mp3
2023-06-12 16:39:01	/api/similar-words-jk.api	a@a.com	A	ko-kr	bone	
2023-06-12 16:42:32	/api/similar-words-jk.api	a@a.com	A	ko-kr	fartas	
2023-06-12 16:42:37	/api/playsound.api	a@a.com	ludoviko/fartas bone.mp3
2023-06-12 16:43:16	/api/similar-words-jk.api	a@a.com	A	ko-kr	fartas	
2023-06-12 16:46:00	/api/similar-words-jk.api	a@a.com	A	ko-kr	bone	
2023-06-12 16:46:03	/api/playsound.api	a@a.com	ludoviko/fartas bone.mp3
2023-06-12 16:48:52	/api/similar-words-jk.api	a@a.com	A	ko-kr	fartas	
2023-06-12 16:48:54	/api/playsound.api	a@a.com	ludoviko/fartas bone.mp3
2023-06-12 16:49:45	/api/similar-words-jk.api	a@a.com	A	ko-kr	bone	
2023-06-12 16:50:49	/api/similar-words-jk.api	a@a.com	A	ko-kr	fartas	
2023-06-12 16:51:00	/api/playsound.api	a@a.com	ludoviko/fartas bone.mp3
2023-06-12 16:51:00	/api/playsound.api	a@a.com	male2/fartas bone.mp3
2023-06-12 16:52:13	/api/similar-words-jk.api	a@a.com	A	ko-kr	bone	
2023-06-12 16:52:44	/api/playsound.api	a@a.com	ludoviko/fartas bone.mp3
2023-06-12 16:52:44	/api/playsound.api	a@a.com	male1/fartas bone.mp3
2023-06-12 16:53:15	/api/similar-words-jk.api	a@a.com	A	ko-kr	bone	
2023-06-12 16:54:26	/api/playsound.api	a@a.com	female2/fartas bone.mp3
2023-06-12 16:54:27	/api/similar-words-jk.api	a@a.com	A	ko-kr	bone	
2023-06-12 16:54:43	/api/playsound.api	a@a.com	male2/fartas bone.mp3
2023-06-12 16:56:14	/api/similar-words-jk.api	a@a.com	A	ko-kr	fartas	
2023-06-12 16:56:21	/api/playsound.api	a@a.com	male2/fartas bone.mp3
2023-06-12 16:56:21	/api/playsound.api	a@a.com	ludoviko/fartas bone.mp3
2023-06-12 16:59:02	/api/similar-words-jk.api	a@a.com	A	ko-kr	bone	
2023-06-12 16:59:11	/api/playsound.api	a@a.com	male3/fartas bone.mp3
2023-06-12 16:59:11	/api/playsound.api	a@a.com	ludoviko/fartas bone.mp3
2023-06-12 16:59:14	/api/session-finish.api	a@a.com	ko-kr	A
2023-06-12 17:00:10	/api/session-start.api	a@a.com	ko-kr	A
2023-06-12 17:00:10	/api/card-next.api	a@a.com	A	ko-kr	estas, estis	2	./quizE.html	male2
2023-06-12 17:00:11	/api/playsound.api	a@a.com	male2/estas, estis.mp3
2023-06-12 17:00:13	/api/card-next.api	a@a.com	A	ko-kr	mia, via	2	./quizI.html	female2
2023-06-12 17:00:13	/api/similar-words-jk.api	a@a.com	A	ko-kr	mia	
2023-06-12 17:00:14	/api/playsound.api	a@a.com	female2/mia, via.mp3
2023-06-12 17:00:17	/api/card-next.api	a@a.com	A	ko-kr	nomo	2	./quizF.html	female2
2023-06-12 17:00:17	/api/playsound.api	a@a.com	male1/mia, via.mp3
2023-06-12 17:00:20	/api/playsound.api	a@a.com	female2/nomo.mp3
2023-06-12 17:00:24	/api/card-next.api	a@a.com	A	ko-kr	mia nomo, via nomo	2	./quizF.html	male2
2023-06-12 17:00:25	/api/playsound.api	a@a.com	male2/mia nomo, via nomo.mp3
2023-06-12 17:00:27	/api/card-next.api	a@a.com	A	ko-kr	mia nomo estas ~	2	./quizB.html	ludoviko
2023-06-12 17:00:27	/api/similar-words.api	a@a.com	A	ko-kr	mia nomo estas ~
2023-06-12 17:00:30	/api/playsound.api	a@a.com	female2/mia nomo estas ~.mp3
2023-06-12 17:00:31	/api/put-score.api	a@a.com	A	ko-kr	mia nomo estas ~	1
2023-06-12 17:00:32	/api/playsound.api	a@a.com	ludoviko/mia nomo estas ~.mp3
2023-06-12 17:01:32	/api/put-score.api	a@a.com	A	ko-kr	via nomo estas ~	1
2023-06-12 17:01:33	/api/playsound.api	a@a.com	male1/via nomo estas ~.mp3
2023-06-12 17:01:39	/api/playsound.api	a@a.com	ludoviko/mi estas ~.mp3
2023-06-12 17:01:39	/api/put-score.api	a@a.com	A	ko-kr	mi estas ~	1
2023-06-12 17:02:30	/api/put-score.api	a@a.com	A	ko-kr	~ estas mia amiko	1
2023-06-12 17:02:31	/api/playsound.api	a@a.com	ludoviko/~ estas mia amiko.mp3
2023-06-12 17:02:34	/api/card-next.api	a@a.com	A	ko-kr	fartas, fartis	2	./quizB.html	female2
2023-06-12 17:02:34	/api/similar-words.api	a@a.com	A	ko-kr	fartas, fartis
2023-06-12 17:02:35	/api/playsound.api	a@a.com	male1/fartas, fartis.mp3
2023-06-12 17:02:39	/api/put-score.api	a@a.com	A	ko-kr	fartas, fartis	-1
2023-06-12 17:02:39	/api/playsound.api	a@a.com	ludoviko/fartas, fartis.mp3
2023-06-12 17:02:43	/api/put-score.api	a@a.com	A	ko-kr	fartas, fartis	-1
2023-06-12 17:02:43	/api/playsound.api	a@a.com	female1/fartas, fartis.mp3
2023-06-12 17:02:43	/api/put-score.api	a@a.com	A	ko-kr	fartas, fartis	-1
2023-06-12 17:02:45	/api/put-score.api	a@a.com	A	ko-kr	fartas, fartis	1
2023-06-12 17:02:46	/api/playsound.api	a@a.com	female2/fartas, fartis.mp3
2023-06-12 17:02:52	/api/playsound.api	a@a.com	female3/vi fartas.mp3
2023-06-12 17:02:53	/api/put-score.api	a@a.com	A	ko-kr	vi fartas	1
2023-06-12 17:02:54	/api/playsound.api	a@a.com	ludoviko/vi fartas.mp3
2023-06-12 17:02:59	/api/put-score.api	a@a.com	A	ko-kr	jes, mi fartas bone	1
2023-06-12 17:03:00	/api/playsound.api	a@a.com	female2/jes, mi fartas bone.mp3
2023-06-12 17:03:05	/api/put-score.api	a@a.com	A	ko-kr	estas, estis	1
2023-06-12 17:03:06	/api/playsound.api	a@a.com	female2/estas, estis.mp3
2023-06-12 17:03:09	/api/card-next.api	a@a.com	A	ko-kr	estis, estos	2	./quizD.html	male2
2023-06-12 17:03:09	/api/similar-words-kor.api	a@a.com	A	ko-kr	(과거) 이었다, (미래) 일 것이다
2023-06-12 17:03:15	/api/playsound.api	a@a.com	male3/estis, estos.mp3
2023-06-12 17:03:18	/api/put-score-kor.api	a@a.com	A	ko-kr	(현재) ~이다, (과거) ~이었다	-1
2023-06-12 17:03:20	/api/put-score-kor.api	a@a.com	A	ko-kr	(과거) 이었다, (미래) 일 것이다	1
2023-06-12 17:03:20	/api/playsound.api	a@a.com	male1/estis, estos.mp3
2023-06-12 17:03:22	/api/card-next.api	a@a.com	A	ko-kr	nomo, nomon	1	./quizC.html	ludoviko
2023-06-12 17:03:22	/api/playsound.api	a@a.com	ludoviko/estis, estos.mp3
2023-06-12 17:03:24	/api/similar-words-kor.api	a@a.com	A	ko-kr	이름, 이름을
2023-06-12 17:03:24	/api/playsound.api	a@a.com	female2/nomo, nomon.mp3
2023-06-12 17:03:28	/api/playsound.api	a@a.com	female3/nomo, nomon.mp3
2023-06-12 17:03:30	/api/playsound.api	a@a.com	male3/nomo, nomon.mp3
2023-06-12 17:03:32	/api/put-score-kor.api	a@a.com	A	ko-kr	이름, 이름을	1
2023-06-12 17:03:32	/api/playsound.api	a@a.com	male1/nomo, nomon.mp3
2023-06-12 17:03:34	/api/card-next.api	a@a.com	A	ko-kr	mia amo	1	./quizG.html	female1
2023-06-12 17:03:35	/api/similar-words.api	a@a.com	A	ko-kr	mia amo
2023-06-12 17:03:38	/api/playsound.api	a@a.com	female1/mia amo.mp3
2023-06-12 17:03:40	/api/put-score.api	a@a.com	A	ko-kr	mia amo	1
2023-06-12 17:03:42	/api/card-next.api	a@a.com	A	ko-kr	kiel	1	./quizD.html	female3
2023-06-12 17:03:42	/api/playsound.api	a@a.com	female3/mia amo.mp3
2023-06-12 17:03:43	/api/similar-words-kor.api	a@a.com	A	ko-kr	어떻게
2023-06-12 17:03:47	/api/playsound.api	a@a.com	female2/kiel.mp3
2023-06-12 17:03:51	/api/playsound.api	a@a.com	female1/kiel.mp3
2023-06-12 17:04:39	/api/put-score-kor.api	a@a.com	A	ko-kr	어떻게	1
2023-06-12 17:04:41	/api/put-score-kor.api	a@a.com	A	ko-kr	어떻게	1
2023-06-12 17:04:41	/api/playsound.api	a@a.com	male1/kiel.mp3
2023-06-12 17:04:43	/api/put-score-kor.api	a@a.com	A	ko-kr	어떻게	1
2023-06-12 17:04:43	/api/playsound.api	a@a.com	female3/kiel.mp3
2023-06-12 17:05:05	/api/put-score-kor.api	a@a.com	A	ko-kr	어떻게	1
2023-06-12 17:05:11	/api/session-finish.api	a@a.com	ko-kr	A
2023-06-12 17:05:15	/api/playsound.api	a@a.com	male3/kiel.mp3
