2023-07-29 15:41:00	/api/playsound.api	hiongun@gmail.com	male1/interna.mp3
2023-07-29 15:41:01	/api/playsound.api	hiongun@gmail.com	male2/interna.mp3
2023-07-29 15:41:03	/api/playsound.api	hiongun@gmail.com	female1/interna.mp3
2023-07-29 15:41:04	/api/playsound.api	hiongun@gmail.com	female2/interna.mp3
2023-07-29 15:41:05	/api/playsound.api	hiongun@gmail.com	ludoviko/interna.mp3
2023-07-29 15:41:12	/api/playsound.api	hiongun@gmail.com	male1/kuŝi.mp3
2023-07-29 15:41:23	/api/playsound.api	hiongun@gmail.com	male1/egale.mp3
2023-07-29 15:41:25	/api/playsound.api	hiongun@gmail.com	male2/egale.mp3
2023-07-29 15:41:26	/api/playsound.api	hiongun@gmail.com	female1/egale.mp3
2023-07-29 15:41:28	/api/playsound.api	hiongun@gmail.com	male1/interna.mp3
2023-07-29 15:45:56	/api/playsound.api	hiongun@gmail.com	male1/interna.mp3
2023-07-29 15:45:57	/api/playsound.api	hiongun@gmail.com	male2/interna.mp3
2023-07-29 15:45:59	/api/playsound.api	hiongun@gmail.com	female1/interna.mp3
2023-07-29 15:46:00	/api/playsound.api	hiongun@gmail.com	female2/interna.mp3
2023-07-29 15:46:01	/api/playsound.api	hiongun@gmail.com	ludoviko/interna.mp3
2023-07-29 15:46:06	/api/playsound.api	hiongun@gmail.com	male1/kuŝi.mp3
2023-07-29 15:46:32	/api/playsound.api	hiongun@gmail.com	male1/kuŝi.mp3
2023-07-29 15:46:32	/api/playsound.api	hiongun@gmail.com	male1/kuŝi.mp3
2023-07-29 15:46:35	/api/playsound.api	hiongun@gmail.com	male2/kuŝi.mp3
2023-07-29 15:46:36	/api/playsound.api	hiongun@gmail.com	female1/kuŝi.mp3
2023-07-29 15:46:37	/api/playsound.api	hiongun@gmail.com	female2/kuŝi.mp3
2023-07-29 15:46:38	/api/playsound.api	hiongun@gmail.com	ludoviko/kuŝi.mp3
2023-07-29 15:46:48	/api/playsound.api	hiongun@gmail.com	male1/kaŝi.mp3
2023-07-29 15:46:49	/api/playsound.api	hiongun@gmail.com	male2/kaŝi.mp3
2023-07-29 15:46:51	/api/playsound.api	hiongun@gmail.com	female1/kaŝi.mp3
2023-07-29 15:46:52	/api/playsound.api	hiongun@gmail.com	female2/kaŝi.mp3
2023-07-29 15:46:53	/api/playsound.api	hiongun@gmail.com	ludoviko/kaŝi.mp3
2023-07-29 15:54:53	/api/playsound.api	hiongun@gmail.com	male1/sunombrelo.mp3
2023-07-29 15:54:54	/api/playsound.api	hiongun@gmail.com	male2/sunombrelo.mp3
2023-07-29 15:54:56	/api/playsound.api	hiongun@gmail.com	female1/sunombrelo.mp3
2023-07-29 15:54:58	/api/playsound.api	hiongun@gmail.com	female2/sunombrelo.mp3
2023-07-29 15:54:59	/api/playsound.api	hiongun@gmail.com	ludoviko/sunombrelo.mp3
