2023-06-09 15:22:43	/api/login.api	a@a.com	a@a.com	ko-kr
2023-06-09 15:22:45	/api/session-start.api	a@a.com	ko-kr	A
2023-06-09 15:22:45	/api/card-next.api	a@a.com	A	ko-kr	estas, estis	1	./quizC.html	female2
2023-06-09 15:22:45	/api/similar-words-kor.api	a@a.com	A	ko-kr	(현재) ~이다, (과거) ~이었다
2023-06-09 15:23:40	/api/login.api	a@a.com	a@a.com	ko-kr
2023-06-09 15:23:43	/api/session-start.api	a@a.com	ko-kr	A
2023-06-09 15:23:43	/api/card-next.api	a@a.com	A	ko-kr	mi, vi	0	./quiz-first.html	male3
2023-06-09 15:23:50	/api/card-next.api	a@a.com	A	ko-kr	estas, estis	0	./quiz-first.html	female3
2023-06-09 15:23:56	/api/card-next.api	a@a.com	A	ko-kr	mi estas ~	0	./quiz-first.html	female3
2023-06-09 15:24:00	/api/card-next.api	a@a.com	A	ko-kr	vi estas ~	0	./quiz-first.html	female3
2023-06-09 15:24:03	/api/card-next.api	a@a.com	A	ko-kr	saluton	0	./quiz-first.html	male3
2023-06-09 15:24:12	/api/card-next.api	a@a.com	A	ko-kr	saluton, mi estas ~	0	./quiz-first.html	female3
2023-06-09 15:26:04	/api/card-next.api	a@a.com	A	ko-kr	mia, via	0	./quiz-first.html	ludoviko
2023-06-09 15:26:07	/api/card-next.api	a@a.com	A	ko-kr	nomo	0	./quiz-first.html	male1
2023-06-09 15:33:51	/api/card-next.api	a@a.com	A	ko-kr	mi, vi	1	./quizC.html	female1
2023-06-09 15:33:51	/api/similar-words-kor.api	a@a.com	A	ko-kr	나, 당신
2023-06-09 15:34:00	/api/put-score-kor.api	a@a.com	A	ko-kr	나, 당신	1
2023-06-09 15:34:04	/api/card-next.api	a@a.com	A	ko-kr	estas, estis	1	./quizD.html	female3
2023-06-09 15:34:04	/api/similar-words-kor.api	a@a.com	A	ko-kr	(현재) ~이다, (과거) ~이었다
2023-06-09 15:35:20	/api/similar-words.api	a@a.com	A	ko-kr	estas, estis
2023-06-09 15:35:30	/api/similar-words-kor.api	a@a.com	A	ko-kr	(현재) ~이다, (과거) ~이었다
2023-06-09 15:35:42	/api/similar-words.api	a@a.com	A	ko-kr	estas, estis
2023-06-09 15:35:49	/api/similar-words.api	a@a.com	A	ko-kr	estas, estis
2023-06-09 15:36:07	/api/similar-words-jk.api	a@a.com	A	ko-kr	estis	
2023-06-09 15:36:13	/api/similar-words-kor.api	a@a.com	A	ko-kr	(현재) ~이다, (과거) ~이었다
2023-06-09 15:38:09	/api/similar-words-kor.api	a@a.com	A	ko-kr	(현재) ~이다, (과거) ~이었다
2023-06-09 15:39:29	/api/similar-words-kor.api	a@a.com	A	ko-kr	(현재) ~이다, (과거) ~이었다
2023-06-09 15:39:34	/api/put-score-kor.api	a@a.com	A	ko-kr	(현재) ~이다, (과거) ~이었다	1
2023-06-09 15:39:36	/api/session-finish.api	a@a.com	ko-kr	A
2023-06-09 15:39:42	/api/session-start.api	a@a.com	ko-kr	A
2023-06-09 15:39:42	/api/card-next.api	a@a.com	A	ko-kr	mi estas ~	1	./quizG.html	female1
2023-06-09 15:39:42	/api/similar-words.api	a@a.com	A	ko-kr	mi estas ~
2023-06-09 15:39:51	/api/similar-words.api	a@a.com	A	ko-kr	mi estas ~
2023-06-09 15:40:58	/api/similar-words.api	a@a.com	A	ko-kr	mi estas ~
2023-06-09 15:41:01	/api/put-score.api	a@a.com	A	ko-kr	mi estas ~	1
2023-06-09 15:41:04	/api/card-next.api	a@a.com	A	ko-kr	vi estas ~	1	./quizB.html	male1
2023-06-09 15:41:04	/api/similar-words.api	a@a.com	A	ko-kr	vi estas ~
2023-06-09 15:41:13	/api/put-score.api	a@a.com	A	ko-kr	mi estas ~	1
2023-06-09 15:41:17	/api/put-score.api	a@a.com	A	ko-kr	vi estas ~	1
2023-06-09 15:41:19	/api/put-score.api	a@a.com	A	ko-kr	via nomo estas ~	1
2023-06-09 15:41:21	/api/put-score.api	a@a.com	A	ko-kr	mi ne estas ~	1
2023-06-09 15:41:23	/api/card-next.api	a@a.com	A	ko-kr	saluton	1	./quizE.html	female2
2023-06-09 15:41:26	/api/card-next.api	a@a.com	A	ko-kr	saluton, mi estas ~	1	./quizF.html	ludoviko
2023-06-09 15:41:30	/api/card-next.api	a@a.com	A	ko-kr	mia, via	1	./quizG.html	female1
2023-06-09 15:41:30	/api/similar-words.api	a@a.com	A	ko-kr	mia, via
2023-06-09 15:41:36	/api/put-score.api	a@a.com	A	ko-kr	mia, via	1
2023-06-09 15:41:39	/api/card-next.api	a@a.com	A	ko-kr	nomo	1	./quizC.html	female2
2023-06-09 15:41:40	/api/similar-words-kor.api	a@a.com	A	ko-kr	이름
2023-06-09 15:41:44	/api/similar-words.api	a@a.com	A	ko-kr	nomo
2023-06-09 15:43:09	/api/similar-words.api	a@a.com	A	ko-kr	nomo
2023-06-09 15:44:08	/api/similar-words.api	a@a.com	A	ko-kr	nomo
2023-06-09 15:44:09	/api/put-score.api	a@a.com	A	ko-kr	nomo	1
2023-06-09 15:44:11	/api/card-next.api	a@a.com	A	ko-kr	mia nomo, via nomo	0	./quiz-first.html	female2
2023-06-09 15:44:19	/api/card-next.api	a@a.com	A	ko-kr	mia nomo estas ~	0	./quiz-first.html	male1
2023-06-09 15:46:27	/api/similar-words.api	a@a.com	A	ko-kr	mia nomo estas ~
2023-06-09 15:46:29	/api/put-score.api	a@a.com	A	ko-kr	mia nomo estas ~	1
2023-06-09 15:46:32	/api/card-next.api	a@a.com	A	ko-kr	saluton	1	./quizC.html	male3
2023-06-09 15:46:32	/api/similar-words-kor.api	a@a.com	A	ko-kr	안녕하세요
2023-06-09 15:51:24	/api/similar-words.api	a@a.com	A	ko-kr	saluton
2023-06-09 15:51:25	/api/put-score.api	a@a.com	A	ko-kr	saluton	1
2023-06-09 15:51:27	/api/card-next.api	a@a.com	A	ko-kr	mia nomo, via nomo	1	./quizE.html	male3
2023-06-09 15:51:33	/api/similar-words.api	a@a.com	A	ko-kr	mia nomo, via nomo
2023-06-09 15:51:34	/api/put-score.api	a@a.com	A	ko-kr	mia, via	-1
2023-06-09 15:51:37	/api/put-score.api	a@a.com	A	ko-kr	vi aŭ ŝi, ajna homo	-1
2023-06-09 15:51:38	/api/put-score.api	a@a.com	A	ko-kr	mia nomo, via nomo	1
2023-06-09 15:51:40	/api/session-finish.api	a@a.com	ko-kr	A
2023-06-09 15:51:45	/api/similar-words.api	a@a.com	A	ko-kr	mia nomo, via nomo
2023-06-09 15:51:49	/api/put-score.api	a@a.com	A	ko-kr	mia nomo, via nomo	1
2023-06-09 15:51:52	/api/session-finish.api	a@a.com	ko-kr	A
