2023-11-17 16:05:49	/api/login.api	a@a.com	a@a.com	ko-kr
2023-11-17 16:05:49	/api/get_course_info.api	a@a.com	ko-kr
2023-11-17 16:05:50	/api/get_course_info.api	a@a.com	ko-kr
2023-11-17 16:05:52	/api/jump-level.api	a@a.com	A	ko-kr	50
2023-11-17 16:05:52	/api/get_course_info.api	a@a.com	ko-kr
2023-11-17 16:05:59	/api/jump-level.api	a@a.com	A	ko-kr	50
2023-11-17 16:06:00	/api/get_course_info.api	a@a.com	ko-kr
2023-11-17 16:06:07	/api/get_course_info.api	a@a.com	ko-kr
2023-11-17 16:13:39	/api/get_course_info.api	a@a.com	ko-kr
2023-11-17 16:13:57	/api/jump-level.api	a@a.com	B	ko-kr	50
2023-11-17 16:13:57	/api/get_course_info.api	a@a.com	ko-kr
2023-11-17 16:16:09	/api/get_course_info.api	a@a.com	ko-kr
2023-11-17 16:16:19	/api/get_course_info.api	a@a.com	ko-kr
2023-11-17 16:16:23	/api/get_course_info.api	a@a.com	ko-kr
2023-11-17 16:17:02	/api/get_course_info.api	a@a.com	ko-kr
2023-11-17 16:17:06	/api/jump-level.api	a@a.com	C	ko-kr	50
2023-11-17 16:17:09	/api/get_course_info.api	a@a.com	ko-kr
2023-11-17 16:17:55	/api/get_course_info.api	a@a.com	ko-kr
2023-11-17 16:18:43	/api/get_course_info.api	a@a.com	ko-kr
2023-11-17 16:19:04	/api/get_course_info.api	a@a.com	ko-kr
2023-11-17 16:22:03	/api/get_course_info.api	a@a.com	ko-kr
2023-11-17 16:22:06	/api/logout.api	a@a.com	ko-kr	C
2023-11-17 16:22:16	/api/login.api	masoris@gmail.com	masoris@gmail.com	ko-kr
2023-11-17 16:22:16	/api/get_course_info.api	masoris@gmail.com	ko-kr
2023-11-17 16:22:21	/api/get_course_info.api	masoris@gmail.com	ko-kr
2023-11-17 16:22:23	/api/jump-level.api	masoris@gmail.com	C	ko-kr	50
2023-11-17 16:22:27	/api/get_course_info.api	masoris@gmail.com	ko-kr
2023-11-17 16:45:03	/api/login.api	a@a.com	a@a.com	ko-kr
2023-11-17 16:45:03	/api/get_course_info.api	a@a.com	ko-kr
2023-11-17 16:45:04	/api/get_course_info.api	a@a.com	ko-kr
2023-11-17 16:45:52	/api/get_course_info.api	a@a.com	ko-kr
2023-11-17 16:45:55	/api/get_course_info.api	a@a.com	ko-kr
