2023-09-13 15:48:47	/api/get_course_info.api	a@a.com	ko-kr
2023-09-13 15:48:48	/api/get_course_info.api	a@a.com	ko-kr
2023-09-13 15:48:49	/api/session-start.api	a@a.com	ko-kr	A
2023-09-13 15:48:49	/api/card-next.api	a@a.com	A	ko-kr	vidis, revidis	0	./quizE.html	male1
2023-09-13 15:48:55	/api/get_course_info.api	a@a.com	ko-kr
2023-09-13 15:49:27	/api/get_course_info.api	a@a.com	ko-kr
2023-09-13 15:49:30	/api/session-start.api	a@a.com	ko-kr	A
2023-09-13 15:49:30	/api/card-next.api	a@a.com	A	ko-kr	vidis, revidis	0	./quizC.html	female2
2023-09-13 15:49:30	/api/similar-words-kor.api	a@a.com	A	ko-kr	보았다, 다시 보았다
2023-09-13 15:51:56	/api/get_course_info.api	a@a.com	ko-kr
2023-09-13 15:59:10	/api/get_course_info.api	a@a.com	ko-kr
2023-09-13 16:03:36	/api/get_course_info.api	a@a.com	ko-kr
2023-09-13 16:05:09	/api/get_course_info.api	a@a.com	ko-kr
2023-09-13 16:05:28	/api/get_course_info.api	a@a.com	ko-kr
2023-09-13 16:13:17	/api/get_course_info.api	a@a.com	ko-kr
2023-09-13 16:14:47	/api/get_course_info.api	a@a.com	ko-kr
2023-09-13 16:15:14	/api/get_course_info.api	a@a.com	ko-kr
2023-09-13 16:32:10	/api/get_course_info.api	a@a.com	ko-kr
2023-09-13 16:33:18	/api/get_course_info.api	a@a.com	ko-kr
2023-09-13 16:34:14	/api/get_course_info.api	a@a.com	ko-kr
2023-09-13 16:35:08	/api/get_course_info.api	a@a.com	ko-kr
2023-09-13 16:36:03	/api/get_course_info.api	a@a.com	ko-kr
2023-09-13 16:36:42	/api/get_course_info.api	a@a.com	ko-kr
2023-09-13 16:38:00	/api/get_course_info.api	a@a.com	ko-kr
2023-09-13 16:39:52	/api/get_course_info.api	a@a.com	ko-kr
2023-09-13 16:40:02	/api/get_course_info.api	a@a.com	ko-kr
2023-09-13 16:40:06	/api/get_course_info.api	a@a.com	ko-kr
2023-09-13 16:41:56	/api/get_course_info.api	a@a.com	ko-kr
2023-09-13 16:42:00	/api/get_course_info.api	a@a.com	ko-kr
2023-09-13 16:42:05	/api/get_course_info.api	a@a.com	ko-kr
2023-09-13 16:42:36	/api/get_course_info.api	a@a.com	ko-kr
2023-09-13 16:42:43	/api/get_course_info.api	a@a.com	ko-kr
2023-09-13 16:44:00	/api/get_course_info.api	a@a.com	ko-kr
2023-09-13 16:44:05	/api/get_course_info.api	a@a.com	ko-kr
2023-09-13 16:44:15	/api/get_course_info.api	a@a.com	ko-kr
2023-09-13 16:44:16	/api/get_course_info.api	a@a.com	ko-kr
2023-09-13 16:45:42	/api/get_course_info.api	a@a.com	ko-kr
2023-09-13 16:47:30	/api/get_course_info.api	a@a.com	ko-kr
2023-09-13 16:47:58	/api/get_course_info.api	a@a.com	ko-kr
2023-09-13 16:48:10	/api/get_course_info.api	a@a.com	ko-kr
2023-09-13 16:48:13	/api/get_course_info.api	a@a.com	ko-kr
2023-09-13 16:51:06	/api/get_course_info.api	a@a.com	ko-kr
2023-09-13 16:51:14	/api/get_course_info.api	a@a.com	ko-kr
2023-09-13 16:51:16	/api/get_course_info.api	a@a.com	ko-kr
2023-09-13 16:52:48	/api/get_course_info.api	a@a.com	ko-kr
2023-09-13 16:54:06	/api/get_course_info.api	a@a.com	ko-kr
2023-09-13 16:54:08	/api/get_course_info.api	a@a.com	ko-kr
2023-09-13 16:56:03	/api/get_course_info.api	a@a.com	ko-kr
2023-09-13 16:56:07	/api/get_course_info.api	a@a.com	ko-kr
2023-09-13 16:56:52	/api/get_course_info.api	a@a.com	ko-kr
2023-09-13 16:56:53	/api/get_course_info.api	a@a.com	ko-kr
2023-09-13 16:56:56	/api/get_course_info.api	a@a.com	ko-kr
2023-09-13 16:56:57	/api/get_course_info.api	a@a.com	ko-kr
2023-09-13 16:57:01	/api/get_course_info.api	a@a.com	ko-kr
2023-09-13 16:57:03	/api/get_course_info.api	a@a.com	ko-kr
2023-09-13 16:57:06	/api/get_course_info.api	a@a.com	ko-kr
2023-09-13 16:57:44	/api/get_course_info.api	a@a.com	ko-kr
2023-09-13 16:57:49	/api/get_course_info.api	a@a.com	ko-kr
2023-09-13 16:57:51	/api/get_course_info.api	a@a.com	ko-kr
2023-09-13 16:57:53	/api/get_course_info.api	a@a.com	ko-kr
2023-09-13 16:57:58	/api/get_course_info.api	a@a.com	ko-kr
2023-09-13 16:59:13	/api/get_course_info.api	a@a.com	ko-kr
2023-09-13 16:59:19	/api/get_course_info.api	a@a.com	ko-kr
2023-09-13 16:59:24	/api/get_course_info.api	a@a.com	ko-kr
2023-09-13 16:59:59	/api/get_course_info.api	a@a.com	ko-kr
2023-09-13 17:00:11	/api/get_course_info.api	a@a.com	ko-kr
2023-09-13 17:00:19	/api/get_course_info.api	a@a.com	ko-kr
2023-09-13 17:06:17	/api/get_course_info.api	a@a.com	ko-kr
2023-09-13 17:06:18	/api/get_course_info.api	a@a.com	ko-kr
2023-09-13 17:06:21	/api/get_course_info.api	a@a.com	ko-kr
2023-09-13 17:06:23	/api/get_course_info.api	a@a.com	ko-kr
2023-09-13 17:06:24	/api/get_course_info.api	a@a.com	ko-kr
2023-09-13 17:06:27	/api/get_course_info.api	a@a.com	ko-kr
2023-09-13 17:06:29	/api/get_course_info.api	a@a.com	ko-kr
2023-09-13 17:09:33	/api/logout.api	a@a.com	ko-kr	C
2023-09-13 17:09:35	/api/login.api	a@a.com	a@a.com	ko-kr
2023-09-13 17:09:35	/api/get_course_info.api	a@a.com	ko-kr
