2023-05-17 17:26:52	/api/login.api	a@a.com	a@a.com	ko-kr
2023-05-17 17:40:37	/api/session-start.api	a@a.com	ko-kr	A
2023-05-17 17:40:37	/api/card-next.api	a@a.com	A	ko-kr	mi estas ~	4	./quizH.html	male1
2023-05-17 17:40:37	/api/similar-words.api	a@a.com	A	ko-kr	mi estas ~
2023-05-17 17:41:03	/api/similar-words.api	a@a.com	A	ko-kr	mi estas ~
2023-05-17 17:41:17	/api/put-score.api	a@a.com	A	ko-kr	mi estas ~	1
2023-05-17 17:41:17	/api/put-score.api	a@a.com	A	ko-kr	~ estas mia amiko	-1
2023-05-17 17:41:18	/api/put-score.api	a@a.com	A	ko-kr	mia nomo estas ~	-1
2023-05-17 17:41:19	/api/put-score.api	a@a.com	A	ko-kr	~ estas mia amiko	1
2023-05-17 17:41:20	/api/put-score.api	a@a.com	A	ko-kr	mi ne estas ~	1
2023-05-17 17:50:52	/api/session-start.api	a@a.com	ko-kr	A
2023-05-17 17:50:52	/api/card-next.api	a@a.com	A	ko-kr	saluton	2	./quizD.html	male1
2023-05-17 17:50:52	/api/similar-words-kor.api	a@a.com	A	ko-kr	안녕하세요
2023-05-17 18:15:54	/api/login.api	a@a.com	a@a.com	ko-kr
2023-05-17 18:16:08	/api/session-start.api	a@a.com	ko-kr	A
2023-05-17 18:16:08	/api/card-next.api	a@a.com	A	ko-kr	saluton	2	./quizF.html	female1
2023-05-17 18:40:43	/api/similar-words-jk.api	a@a.com	A	ko-kr	saluton	
2023-05-17 19:32:45	/api/similar-words.api	a@a.com	A	ko-kr	saluton
2023-05-17 19:40:54	/api/put-score.api	a@a.com	A	ko-kr	sur la tablo, sur la tablon	-1
2023-05-17 19:41:29	/api/put-score.api	a@a.com	A	ko-kr	sur la tablo, sur la tablon	1
2023-05-17 19:44:48	/api/similar-words.api	a@a.com	A	ko-kr	saluton
2023-05-17 19:47:57	/api/similar-words.api	a@a.com	A	ko-kr	saluton
2023-05-17 20:00:32	/api/similar-words-kor.api	a@a.com	A	ko-kr	안녕하세요
2023-05-17 20:00:45	/api/similar-words-kor.api	a@a.com	A	ko-kr	안녕하세요
2023-05-17 20:00:59	/api/similar-words-kor.api	a@a.com	A	ko-kr	안녕하세요
2023-05-17 20:06:27	/api/similar-words-kor.api	a@a.com	A	ko-kr	안녕하세요
2023-05-17 20:11:34	/api/similar-words.api	a@a.com	A	ko-kr	saluton
