2023-05-23 14:49:37	/api/similar-words.api	a@a.com	A	ko-kr	estas, estis
2023-05-23 15:04:08	/api/similar-words.api	a@a.com	A	ko-kr	estas, estis
2023-05-23 15:06:43	/api/similar-words.api	a@a.com	A	ko-kr	estas, estis
2023-05-23 15:11:28	/api/similar-words.api	a@a.com	A	ko-kr	estas, estis
2023-05-23 15:20:01	/api/put-score.api	a@a.com	A	ko-kr	estas, estis	1
2023-05-23 15:20:06	/api/session-finish.api	a@a.com	ko-kr	A
2023-05-23 15:24:52	/api/session-start.api	a@a.com	ko-kr	A
2023-05-23 15:24:52	/api/card-next.api	a@a.com	A	ko-kr	nomo	5	./quizE.html	ludoviko
2023-05-23 15:24:56	/api/similar-words.api	a@a.com	A	ko-kr	nomo
2023-05-23 15:24:58	/api/put-score.api	a@a.com	A	ko-kr	nomo	1
2023-05-23 15:25:03	/api/card-next.api	a@a.com	A	ko-kr	mia nomo estas ~	4	./quizH.html	female3
2023-05-23 15:25:03	/api/similar-words.api	a@a.com	A	ko-kr	mia nomo estas ~
2023-05-23 15:25:11	/api/similar-words.api	a@a.com	A	ko-kr	mia nomo estas ~
2023-05-23 15:26:59	/api/similar-words.api	a@a.com	A	ko-kr	mia nomo estas ~
2023-05-23 15:27:02	/api/put-score.api	a@a.com	A	ko-kr	via nomo estas ~	-1
2023-05-23 15:27:04	/api/put-score.api	a@a.com	A	ko-kr	mia nomo estas ~	1
2023-05-23 15:27:13	/api/similar-words.api	a@a.com	A	ko-kr	mia nomo estas ~
2023-05-23 15:27:17	/api/similar-words.api	a@a.com	A	ko-kr	mia nomo estas ~
2023-05-23 15:27:21	/api/put-score.api	a@a.com	A	ko-kr	mia nomo estas ~	1
2023-05-23 15:29:17	/api/similar-words.api	a@a.com	A	ko-kr	mia nomo estas ~
2023-05-23 15:29:23	/api/similar-words.api	a@a.com	A	ko-kr	mia nomo estas ~
2023-05-23 15:29:26	/api/put-score.api	a@a.com	A	ko-kr	mia nomo estas ~	1
2023-05-23 15:29:44	/api/similar-words.api	a@a.com	A	ko-kr	mia nomo estas ~
2023-05-23 15:29:55	/api/put-score.api	a@a.com	A	ko-kr	mia nomo estas ~	1
2023-05-23 15:30:34	/api/similar-words.api	a@a.com	A	ko-kr	mia nomo estas ~
2023-05-23 15:31:47	/api/similar-words.api	a@a.com	A	ko-kr	mia nomo estas ~
2023-05-23 15:32:00	/api/session-start.api	a@a.com	ko-kr	A
2023-05-23 15:32:00	/api/card-next.api	a@a.com	A	ko-kr	fartas, fartis	2	./quizH.html	male2
2023-05-23 15:32:00	/api/similar-words.api	a@a.com	A	ko-kr	fartas, fartis
2023-05-23 15:32:05	/api/similar-words.api	a@a.com	A	ko-kr	fartas, fartis
2023-05-23 15:32:52	/api/similar-words.api	a@a.com	A	ko-kr	fartas, fartis
2023-05-23 15:42:29	/api/similar-words.api	a@a.com	A	ko-kr	fartas, fartis
2023-05-23 15:42:34	/api/put-score.api	a@a.com	A	ko-kr	fartas, fartis	1
2023-05-23 15:42:36	/api/put-score.api	a@a.com	A	ko-kr	lasi, forlasita	1
2023-05-23 15:42:39	/api/put-score.api	a@a.com	A	ko-kr	faris, fariĝis	1
2023-05-23 15:42:41	/api/put-score.api	a@a.com	A	ko-kr	vi fartas	1
2023-05-23 15:42:45	/api/card-next.api	a@a.com	A	ko-kr	estis, estos	4	./quizC.html	male2
2023-05-23 15:42:46	/api/similar-words-kor.api	a@a.com	A	ko-kr	(과거) 이었다, (미래) 일 것이다
2023-05-23 15:46:20	/api/similar-words-kor.api	a@a.com	A	ko-kr	(과거) 이었다, (미래) 일 것이다
2023-05-23 15:50:49	/api/similar-words.api	a@a.com	A	ko-kr	estis, estos
2023-05-23 16:07:10	/api/similar-words-kor.api	a@a.com	A	ko-kr	(과거) 이었다, (미래) 일 것이다
2023-05-23 16:08:42	/api/similar-words.api	a@a.com	A	ko-kr	estis, estos
2023-05-23 16:08:53	/api/similar-words-kor.api	a@a.com	A	ko-kr	(과거) 이었다, (미래) 일 것이다
2023-05-23 16:09:00	/api/similar-words.api	a@a.com	A	ko-kr	estis, estos
2023-05-23 16:10:42	/api/put-score.api	a@a.com	A	ko-kr	estis, estos	1
2023-05-23 16:15:26	/api/session-finish.api	a@a.com	ko-kr	A
2023-05-23 16:15:39	/api/session-start.api	a@a.com	ko-kr	A
2023-05-23 16:15:39	/api/card-next.api	a@a.com	A	ko-kr	via nomo estas ~	2	./quizG.html	female3
2023-05-23 16:15:39	/api/similar-words.api	a@a.com	A	ko-kr	via nomo estas ~
2023-05-23 16:15:46	/api/similar-words.api	a@a.com	A	ko-kr	via nomo estas ~
2023-05-23 16:17:01	/api/similar-words.api	a@a.com	A	ko-kr	via nomo estas ~
2023-05-23 16:24:49	/api/put-score.api	a@a.com	A	ko-kr	via nomo estas ~	1
2023-05-23 16:24:51	/api/card-next.api	a@a.com	A	ko-kr	kiel	2	./quizH.html	male1
2023-05-23 16:24:52	/api/similar-words.api	a@a.com	A	ko-kr	kiel
2023-05-23 16:25:02	/api/put-score.api	a@a.com	A	ko-kr	kiel	1
2023-05-23 16:25:05	/api/session-finish.api	a@a.com	ko-kr	A
2023-05-23 16:40:52	/api/session-finish.api	a@a.com	ko-kr	A
2023-05-23 16:55:53	/api/session-finish.api	a@a.com	ko-kr	A
2023-05-23 16:55:58	/api/session-finish.api	a@a.com	ko-kr	A
2023-05-23 16:59:01	/api/session-finish.api	a@a.com	ko-kr	A
2023-05-23 16:59:01	/api/session-finish.api	a@a.com	ko-kr	A
2023-05-23 16:59:15	/api/session-finish.api	a@a.com	ko-kr	A
2023-05-23 16:59:20	/api/session-finish.api	a@a.com	ko-kr	A
2023-05-23 17:06:22	/api/session-finish.api	a@a.com	ko-kr	A
