2023-10-07 16:03:10	/api/login.api	a@a.com	a@a.com	ko-kr
2023-10-07 16:03:10	/api/get_course_info.api	a@a.com	ko-kr
2023-10-07 16:03:11	/api/get_course_info.api	a@a.com	ko-kr
2023-10-07 16:03:18	/api/get_course_info.api	a@a.com	ko-kr
2023-10-07 16:03:23	/api/session-start.api	a@a.com	ko-kr	C
2023-10-07 16:03:23	/api/card-next.api	a@a.com	C	ko-kr	amo	0	./quizH.html	male1
2023-10-07 16:03:23	/api/similar-words.api	a@a.com	C	ko-kr	amo
2023-10-07 16:03:28	/api/similar-words.api	a@a.com	C	ko-kr	amo
2023-10-07 16:04:57	/api/get_course_info.api	a@a.com	ko-kr
2023-10-07 16:04:59	/api/get_course_info.api	a@a.com	ko-kr
2023-10-07 16:05:24	/api/jump-level.api	a@a.com	A	ko-kr	50
2023-10-07 16:05:25	/api/get_course_info.api	a@a.com	ko-kr
2023-10-07 16:06:12	/api/get_course_info.api	a@a.com	ko-kr
2023-10-07 16:06:14	/api/get_course_info.api	a@a.com	ko-kr
2023-10-07 16:06:19	/api/get_course_info.api	a@a.com	ko-kr
2023-10-07 16:06:20	/api/jump-level.api	a@a.com	C	ko-kr	50
2023-10-07 16:06:24	/api/get_course_info.api	a@a.com	ko-kr
2023-10-07 16:12:42	/api/get_course_info.api	a@a.com	ko-kr
2023-10-07 16:12:44	/api/jump-level.api	a@a.com	C	ko-kr	50
2023-10-07 16:12:44	/api/get_course_info.api	a@a.com	ko-kr
2023-10-07 16:13:14	/api/jump-level.api	a@a.com	C	ko-kr	50
2023-10-07 16:13:14	/api/get_course_info.api	a@a.com	ko-kr
2023-10-07 16:13:16	/api/get_course_info.api	a@a.com	ko-kr
2023-10-07 16:13:16	/api/jump-level.api	a@a.com	C	ko-kr	50
2023-10-07 16:13:16	/api/get_course_info.api	a@a.com	ko-kr
2023-10-07 16:13:35	/api/jump-level.api	a@a.com	C	ko-kr	50
2023-10-07 16:13:35	/api/get_course_info.api	a@a.com	ko-kr
2023-10-07 16:14:07	/api/jump-level.api	a@a.com	C	ko-kr	50
2023-10-07 16:14:07	/api/get_course_info.api	a@a.com	ko-kr
2023-10-07 16:14:50	/api/jump-level.api	a@a.com	C	ko-kr	50
2023-10-07 16:14:50	/api/get_course_info.api	a@a.com	ko-kr
2023-10-07 16:17:31	/api/login.api	a@a.com	a@a.com	ko-kr
2023-10-07 16:17:31	/api/get_course_info.api	a@a.com	ko-kr
2023-10-07 16:17:36	/api/get_course_info.api	a@a.com	ko-kr
2023-10-07 16:17:37	/api/jump-level.api	a@a.com	A	ko-kr	50
2023-10-07 16:17:37	/api/get_course_info.api	a@a.com	ko-kr
2023-10-07 16:22:43	/api/get_course_info.api	a@a.com	ko-kr
2023-10-07 16:23:01	/api/get_course_info.api	a@a.com	ko-kr
2023-10-07 16:27:01	/api/get_course_info.api	a@a.com	ko-kr
2023-10-07 16:27:12	/api/get_course_info.api	a@a.com	ko-kr
2023-10-07 16:27:25	/api/jump-level.api	a@a.com	C	ko-kr	50
2023-10-07 16:27:28	/api/get_course_info.api	a@a.com	ko-kr
2023-10-07 16:28:54	/api/get_course_info.api	a@a.com	ko-kr
2023-10-07 16:28:58	/api/get_course_info.api	a@a.com	ko-kr
2023-10-07 16:32:28	/api/login.api	a@a.com	a@a.com	ko-kr
2023-10-07 16:32:28	/api/get_course_info.api	a@a.com	ko-kr
2023-10-07 16:32:32	/api/get_course_info.api	a@a.com	ko-kr
2023-10-07 16:32:34	/api/jump-level.api	a@a.com	C	ko-kr	50
2023-10-07 16:32:37	/api/get_course_info.api	a@a.com	ko-kr
