2023-10-01 16:29:35	/api/login.api	a@a.com	a@a.com	ko-kr
2023-10-01 16:29:35	/api/get_course_info.api	a@a.com	ko-kr
2023-10-01 16:29:48	/api/get_course_info.api	a@a.com	ko-kr
2023-10-01 16:32:35	/api/get_course_info.api	a@a.com	ko-kr
2023-10-01 16:34:15	/api/get_course_info.api	a@a.com	ko-kr
2023-10-01 16:34:17	/api/session-start.api	a@a.com	ko-kr	C
2023-10-01 16:34:17	/api/card-next.api	a@a.com	C	ko-kr	amo	0	./quizD.html	female1
2023-10-01 16:34:17	/api/similar-words-kor.api	a@a.com	C	ko-kr	사랑
2023-10-01 16:35:14	/api/get_course_info.api	a@a.com	ko-kr
2023-10-01 16:35:46	/api/get_course_info.api	a@a.com	ko-kr
2023-10-01 16:36:46	/api/get_course_info.api	a@a.com	ko-kr
2023-10-01 16:37:50	/api/get_course_info.api	a@a.com	ko-kr
2023-10-01 16:37:51	/api/get_course_info.api	a@a.com	ko-kr
2023-10-01 16:37:53	/api/get_course_info.api	a@a.com	ko-kr
2023-10-01 16:37:55	/api/session-start.api	a@a.com	ko-kr	A
2023-10-01 16:37:55	/api/card-next.api	a@a.com	A	ko-kr	vidis, revidis	0	./quizF.html	male1
2023-10-01 16:37:56	/api/get_course_info.api	a@a.com	ko-kr
2023-10-01 16:37:58	/api/get_course_info.api	a@a.com	ko-kr
2023-10-01 16:41:40	/api/get_course_info.api	a@a.com	ko-kr
2023-10-01 16:47:52	/api/get_course_info.api	a@a.com	ko-kr
