2024-09-10 16:12:05	/api2/login.api	a@a.com	a@a.com	ko-kr
2024-09-10 16:13:42	/api2/like-list.api	a@a.com
2024-09-10 16:14:09	/api2/like-list.api	a@a.com
2024-09-10 16:14:11	/api2/put-like.api	a@a.com	ko-kr	A	amo
2024-09-10 16:16:03	/api2/like-list.api	a@a.com
2024-09-10 16:16:05	/api2/put-like.api	a@a.com	ko-kr	A	amo
2024-09-10 16:16:19	/api2/like-list.api	a@a.com
2024-09-10 16:17:18	/api2/like-list.api	a@a.com
2024-09-10 16:17:19	/api2/put-like.api	a@a.com	ko-kr	A	amo
2024-09-10 16:17:20	/api2/put-like.api	a@a.com	ko-kr	A	amo
2024-09-10 16:17:21	/api2/put-like.api	a@a.com	ko-kr	A	amo
2024-09-10 16:17:22	/api2/put-like.api	a@a.com	ko-kr	A	amo
2024-09-10 16:17:22	/api2/put-like.api	a@a.com	ko-kr	A	malamo
2024-09-10 16:17:23	/api2/put-like.api	a@a.com	ko-kr	A	malamo
2024-09-10 16:17:24	/api2/put-like.api	a@a.com	ko-kr	A	malamo
2024-09-10 16:17:26	/api2/like-list.api	a@a.com
2024-09-10 16:18:14	/api2/like-list.api	a@a.com
2024-09-10 16:23:15	/api2/login.api	b@b.com	b@b.com	ko-kr
2024-09-10 16:23:18	/api2/like-list.api	b@b.com
2024-09-10 16:23:35	/api2/like-list.api	b@b.com
2024-09-10 16:25:37	/api2/like-list.api	b@b.com
2024-09-10 16:25:43	/api2/like-list.api	b@b.com
2024-09-10 16:25:46	/api2/like-list.api	b@b.com
2024-09-10 16:26:41	/api2/login.api	b@b.com	b@b.com	ja-jp
2024-09-10 16:26:42	/api2/like-list.api	b@b.com
