2024-11-28 15:19:01	/api2/login.api	b@b.com	b@b.com	ko-kr
2024-11-28 15:19:51	/api2/login.api	b@b.com	b@b.com	ko-kr
2024-11-28 15:19:53	/api2/get_course_info.api	b@b.com	ko-kr
2024-11-28 15:20:28	/api2/login.api	b@b.com	b@b.com	ko-kr
2024-11-28 15:20:33	/api2/get_course_info.api	b@b.com	ko-kr
2024-11-28 15:20:48	/api2/get_course_info.api	b@b.com	ko-kr
2024-11-28 15:48:04	/api2/login.api	b@b.com	b@b.com	ko-kr
2024-11-28 15:48:30	/api2/login.api	b@b.com	b@b.com	ko-kr
2024-11-28 15:50:36	/api2/get_course_info.api	b@b.com	ko-kr
2024-11-28 15:51:27	/api2/login.api	b@b.com	b@b.com	ko-kr
2024-11-28 15:51:28	/api2/get_course_info.api	b@b.com	ko-kr
2024-11-28 15:54:50	/api2/get_course_info.api	b@b.com	ko-kr
2024-11-28 15:55:18	/api2/get_course_info.api	b@b.com	ko-kr
2024-11-28 15:56:04	/api2/get_course_info.api	b@b.com	ko-kr
2024-11-28 16:00:55	/api2/get_course_info.api	b@b.com	ko-kr
2024-11-28 16:01:41	/api2/get_course_info.api	b@b.com	ko-kr
2024-11-28 16:03:00	/api2/get_course_info.api	b@b.com	ko-kr
2024-11-28 16:04:03	/api2/get_course_info.api	b@b.com	ko-kr
2024-11-28 16:04:33	/api2/get_course_info.api	b@b.com	ko-kr
2024-11-28 16:05:31	/api2/get_course_info.api	b@b.com	ko-kr
2024-11-28 16:05:37	/api2/get_course_info.api	b@b.com	ko-kr
2024-11-28 16:05:43	/api2/get_course_info.api	b@b.com	ko-kr
2024-11-28 16:05:54	/api2/get_course_info.api	b@b.com	ko-kr
2024-11-28 16:05:58	/api2/get_course_info.api	b@b.com	ko-kr
2024-11-28 16:06:06	/api2/get_course_info.api	b@b.com	ko-kr
2024-11-28 16:06:13	/api2/get_course_info.api	b@b.com	ko-kr
2024-11-28 16:07:07	/api2/get_course_info.api	b@b.com	ko-kr
2024-11-28 16:07:27	/api2/get_course_info.api	b@b.com	ko-kr
2024-11-28 16:07:33	/api2/get_course_info.api	b@b.com	ko-kr
2024-11-28 16:07:41	/api2/get_course_info.api	b@b.com	ko-kr
2024-11-28 16:07:43	/api2/get_course_info.api	b@b.com	ko-kr
2024-11-28 16:08:19	/api2/get_course_info.api	b@b.com	ko-kr
2024-11-28 16:08:25	/api2/session-start.api	b@b.com	ko-kr	A
2024-11-28 16:08:25	/api2/card-next.api	b@b.com	A	ko-kr	mi, vi	0	./quizI.html	female1
2024-11-28 16:08:26	/api2/similar-words-jk.api	b@b.com	A	ko-kr	mi	
2024-11-28 16:09:13	/api2/similar-words-jk.api	b@b.com	A	ko-kr	mi	
2024-11-28 16:11:44	/api2/similar-words-jk.api	b@b.com	A	ko-kr	mi	
2024-11-28 16:18:52	/api2/similar-words-jk.api	b@b.com	A	ko-kr	vi	
2024-11-28 16:18:58	/api2/similar-words-jk.api	b@b.com	A	ko-kr	vi	
2024-11-28 16:19:44	/api2/similar-words-jk.api	b@b.com	A	ko-kr	vi	
2024-11-28 16:21:02	/api2/similar-words-jk.api	b@b.com	A	ko-kr	mi	
2024-11-28 16:22:23	/api2/similar-words-jk.api	b@b.com	A	ko-kr	vi	
2024-11-28 16:23:22	/api2/similar-words-jk.api	b@b.com	A	ko-kr	vi	
2024-11-28 16:24:15	/api2/similar-words-jk.api	b@b.com	A	ko-kr	mi	
2024-11-28 16:24:31	/api2/similar-words-jk.api	b@b.com	A	ko-kr	vi	
2024-11-28 16:25:36	/api2/similar-words-jk.api	b@b.com	A	ko-kr	vi	
2024-11-28 16:28:13	/api2/similar-words-jk.api	b@b.com	A	ko-kr	vi	
2024-11-28 16:33:37	/api2/similar-words-jk.api	b@b.com	A	ko-kr	mi	
2024-11-28 16:38:59	/api2/similar-words-jk.api	b@b.com	A	ko-kr	mi	
2024-11-28 16:41:39	/api2/similar-words-jk.api	b@b.com	A	ko-kr	mi	
2024-11-28 16:46:59	/api2/similar-words-jk.api	b@b.com	A	ko-kr	vi	
2024-11-28 16:48:00	/api2/similar-words-jk.api	b@b.com	A	ko-kr	vi	
2024-11-28 16:48:50	/api2/similar-words-jk.api	b@b.com	A	ko-kr	mi	
2024-11-28 16:50:14	/api2/similar-words-jk.api	b@b.com	A	ko-kr	mi	
2024-11-28 16:51:14	/api2/similar-words-jk.api	b@b.com	A	ko-kr	vi	
2024-11-28 16:52:11	/api2/similar-words-jk.api	b@b.com	A	ko-kr	mi	
2024-11-28 16:53:08	/api2/similar-words-jk.api	b@b.com	A	ko-kr	vi	
2024-11-28 16:53:24	/api2/similar-words-jk.api	b@b.com	A	ko-kr	mi	
2024-11-28 16:53:36	/api2/similar-words-jk.api	b@b.com	A	ko-kr	vi	
2024-11-28 16:54:32	/api2/similar-words-jk.api	b@b.com	A	ko-kr	mi	
2024-11-28 16:55:36	/api2/similar-words-jk.api	b@b.com	A	ko-kr	vi	
2024-11-28 16:55:45	/api2/playsound.api	b@b.com	ludoviko/mi, vi.mp3
2024-11-28 16:56:08	/api2/playsound.api	b@b.com	male2/mi, vi.mp3
2024-11-28 16:56:12	/api2/playsound.api	b@b.com	male1/mi, vi.mp3
2024-11-28 16:56:20	/api2/similar-words-jk.api	b@b.com	A	ko-kr	mi	
2024-11-28 16:56:25	/api2/playsound.api	b@b.com	male1/mi, vi.mp3
2024-11-28 16:56:26	/api2/playsound.api	b@b.com	ludoviko/mi, vi.mp3
2024-11-28 16:56:42	/api2/playsound.api	b@b.com	female2/mi, vi.mp3
2024-11-28 16:56:45	/api2/playsound.api	b@b.com	female2/mi, vi.mp3
2024-11-28 16:56:47	/api2/playsound.api	b@b.com	ludoviko/mi, vi.mp3
2024-11-28 16:59:13	/api2/similar-words-jk.api	b@b.com	A	ko-kr	vi	
2024-11-28 16:59:21	/api2/playsound.api	b@b.com	female2/mi, vi.mp3
