2024-01-22 15:28:56	/api/login.api	a@a.com	a@a.com	th
2024-01-22 15:28:56	/api/get_course_info.api	a@a.com	th
2024-01-22 15:31:39	/api/get_course_info.api	a@a.com	ms
2024-01-22 15:32:52	/api/get_course_info.api	a@a.com	ko-kr
2024-01-22 15:33:24	/api/get_course_info.api	a@a.com	ko-kr
2024-01-22 15:33:34	/api/get_course_info.api	a@a.com	th
2024-01-22 15:38:51	/api/get_course_info.api	a@a.com	th
2024-01-22 15:41:18	/api/get_course_info.api	a@a.com	ko-kr
2024-01-22 15:56:26	/api/get_course_info.api	a@a.com	th
2024-01-22 15:56:51	/api/get_course_info.api	a@a.com	ko-kr
2024-01-22 16:35:38	/api/get_course_info.api	a@a.com	ko-kr
2024-01-22 16:37:04	/api/get_course_info.api	a@a.com	ko-kr
2024-01-22 16:43:58	/api/get_course_info.api	a@a.com	ko-kr
2024-01-22 16:46:26	/api/login.api	a@a.com	a@a.com	ko-kr
2024-01-22 16:46:26	/api/get_course_info.api	a@a.com	ko-kr
2024-01-22 16:46:45	/api/get_course_info.api	a@a.com	ja-jp
2024-01-22 16:46:54	/api/get_course_info.api	a@a.com	ko-kr
2024-01-22 16:46:56	/api/get_course_info.api	a@a.com	en-us
2024-01-22 16:47:02	/api/get_course_info.api	a@a.com	zh-cn
2024-01-22 16:47:08	/api/get_course_info.api	a@a.com	mn
2024-01-22 16:47:16	/api/get_course_info.api	a@a.com	tr
2024-01-22 16:47:23	/api/get_course_info.api	a@a.com	he
2024-01-22 16:47:34	/api/get_course_info.api	a@a.com	de
2024-01-22 16:49:52	/api/get_course_info.api	a@a.com	de
2024-01-22 16:50:27	/api/get_course_info.api	a@a.com	de
